[ 2013-08-16T17:17:51+08:00 ] ERR: (ThinkException) 模板不存在[./App/Tpl/Home/Details/Details/index.html]
[ 2013-08-16T17:18:15+08:00 ] ERR: (ThinkException) 模板不存在[./App/Tpl/Home/Details/index.html]
[ 2013-08-16T17:18:19+08:00 ] ERR: (ThinkException) 模板不存在[./App/Tpl/Home/Details/index.html]
[ 2013-08-16T17:18:48+08:00 ] ERR: (ThinkException) 模板不存在[./App/Tpl/Home/Details/index.html]
[ 2013-08-16T17:21:31+08:00 ] ERR: (ThinkException) 非法操作:styles
[ 2013-08-16T17:21:31+08:00 ] ERR: (ThinkException) 非法操作:styles
[ 2013-08-16T17:21:31+08:00 ] ERR: (ThinkException) 非法操作:styles
[ 2013-08-16T17:21:31+08:00 ] ERR: (ThinkException) 非法操作:scripts
[ 2013-08-16T17:21:31+08:00 ] ERR: (ThinkException) 非法操作:styles
[ 2013-08-16T17:21:31+08:00 ] ERR: (ThinkException) 非法操作:skins
[ 2013-08-16T17:21:31+08:00 ] ERR: (ThinkException) 非法操作:scripts
[ 2013-08-16T17:21:31+08:00 ] ERR: (ThinkException) 非法操作:scripts
[ 2013-08-16T17:21:31+08:00 ] ERR: (ThinkException) 非法操作:images
[ 2013-08-16T17:21:31+08:00 ] ERR: (ThinkException) 非法操作:images
[ 2013-08-16T17:21:31+08:00 ] ERR: (ThinkException) 非法操作:images
[ 2013-08-16T17:21:31+08:00 ] ERR: (ThinkException) 非法操作:images
[ 2013-08-16T17:21:31+08:00 ] ERR: (ThinkException) 非法操作:images
[ 2013-08-16T17:21:31+08:00 ] ERR: (ThinkException) 非法操作:images
[ 2013-08-16T17:21:31+08:00 ] ERR: (ThinkException) 非法操作:images
[ 2013-08-16T17:21:32+08:00 ] ERR: (ThinkException) 非法操作:images
[ 2013-08-16T17:21:32+08:00 ] ERR: (ThinkException) 非法操作:images
[ 2013-08-16T17:23:21+08:00 ] ERR: (ThinkException) 非法操作:images
[ 2013-08-16T17:23:21+08:00 ] ERR: (ThinkException) 非法操作:images
[ 2013-08-16T17:23:21+08:00 ] ERR: (ThinkException) 非法操作:images
[ 2013-08-16T17:23:21+08:00 ] ERR: (ThinkException) 非法操作:images
[ 2013-08-16T17:23:21+08:00 ] ERR: (ThinkException) 非法操作:images
[ 2013-08-16T17:23:21+08:00 ] ERR: (ThinkException) 非法操作:images
[ 2013-08-16T17:23:21+08:00 ] ERR: (ThinkException) 非法操作:images
[ 2013-08-16T17:23:21+08:00 ] ERR: (ThinkException) 非法操作:images
[ 2013-08-16T17:23:21+08:00 ] ERR: (ThinkException) 非法操作:images
[ 2013-08-16T17:24:13+08:00 ] ERR: (ThinkException) 非法操作:images
[ 2013-08-16T17:24:13+08:00 ] ERR: (ThinkException) 非法操作:images
[ 2013-08-16T17:24:13+08:00 ] ERR: (ThinkException) 非法操作:images
[ 2013-08-16T17:24:13+08:00 ] ERR: (ThinkException) 非法操作:images
[ 2013-08-16T17:24:13+08:00 ] ERR: (ThinkException) 非法操作:images
[ 2013-08-16T17:24:13+08:00 ] ERR: (ThinkException) 非法操作:images
[ 2013-08-16T17:24:13+08:00 ] ERR: (ThinkException) 非法操作:images
[ 2013-08-16T17:24:52+08:00 ] ERR: (ThinkException) 非法操作:images
[ 2013-08-16T17:26:41+08:00 ] ERR: (ThinkException) 非法操作:images
[ 2013-08-16T17:28:05+08:00 ] ERR: (ThinkException) 非法操作:images
[ 2013-08-16T17:30:00+08:00 ] ERR: (ThinkException) 非法操作:images
[ 2013-08-16T17:30:37+08:00 ] ERR: (ThinkException) 非法操作:images
[ 2013-08-16T17:30:47+08:00 ] ERR: (ThinkException) 非法操作:images
[ 2013-08-16T17:30:57+08:00 ] ERR: (ThinkException) 非法操作:images
[ 2013-08-16T17:31:54+08:00 ] ERR: (ThinkException) 非法操作:images
[ 2013-08-16T17:32:01+08:00 ] ERR: (ThinkException) 非法操作:images
[ 2013-08-16T17:32:30+08:00 ] ERR: (ThinkException) 非法操作:images
[ 2013-08-16T17:32:36+08:00 ] ERR: (ThinkException) 非法操作:images
[ 2013-08-16T17:35:42+08:00 ] ERR: (ThinkException) 非法操作:images
[ 2013-08-16T17:36:44+08:00 ] ERR: (ThinkException) 非法操作:images
[ 2013-08-16T17:37:25+08:00 ] ERR: (ThinkException) 非法操作:images
[ 2013-08-16T17:37:42+08:00 ] ERR: (ThinkException) 非法操作:images
[ 2013-08-16T17:37:50+08:00 ] ERR: (ThinkException) 无法加载模块:images
[ 2013-08-16T17:41:12+08:00 ] ERR: (ThinkException) Model:getProductType您所请求的方法不存在！
[ 2013-08-16T18:56:06+08:00 ] ERR: (ThinkException) 非法操作:images
[ 2013-08-16T19:09:57+08:00 ] ERR: (ThinkException) 非法操作:style
[ 2013-08-16T19:09:57+08:00 ] ERR: (ThinkException) 非法操作:images
[ 2013-08-16T19:09:58+08:00 ] ERR: (ThinkException) 非法操作:images
[ 2013-08-16T20:00:28+08:00 ] ERR: (ThinkException) 非法操作:images
[ 2013-08-16T20:11:22+08:00 ] ERR: (ThinkException) 无法加载模块:jujiao
[ 2013-08-16T20:12:18+08:00 ] ERR: (ThinkException) 非法操作:images
[ 2013-08-16T20:12:19+08:00 ] ERR: (ThinkException) 无法加载模块:Public
[ 2013-08-16T20:14:28+08:00 ] ERR: (ThinkException) 非法操作:images
[ 2013-08-16T20:14:28+08:00 ] ERR: (ThinkException) 无法加载模块:Public
[ 2013-08-16T20:16:59+08:00 ] ERR: (ThinkException) 非法操作:images
[ 2013-08-16T20:16:59+08:00 ] ERR: (ThinkException) 无法加载模块:Public
[ 2013-08-16T20:17:18+08:00 ] ERR: (ThinkException) 非法操作:images
[ 2013-08-16T20:17:18+08:00 ] ERR: (ThinkException) 无法加载模块:Public
[ 2013-08-16T21:44:20+08:00 ] ERR: (ThinkException) 无法加载模块:Public
[ 2013-08-16T21:44:23+08:00 ] ERR: (ThinkException) 非法操作:images
[ 2013-08-16T21:44:23+08:00 ] ERR: (ThinkException) 无法加载模块:Public
[ 2013-08-16T21:48:32+08:00 ] ERR: (ThinkException) 非法操作:images
[ 2013-08-16T21:48:33+08:00 ] ERR: (ThinkException) 无法加载模块:Public
[ 2013-08-16T21:51:49+08:00 ] ERR: (ThinkException) 无法加载模块:Public
[ 2013-08-16T21:52:32+08:00 ] ERR: (ThinkException) 无法加载模块:Public
[ 2013-08-16T21:52:41+08:00 ] ERR: (ThinkException) 非法操作:images
[ 2013-08-16T21:52:41+08:00 ] ERR: (ThinkException) 非法操作:images
[ 2013-08-16T21:52:41+08:00 ] ERR: (ThinkException) 非法操作:style
[ 2013-08-16T21:52:41+08:00 ] ERR: (ThinkException) 非法操作:images
[ 2013-08-16T21:52:41+08:00 ] ERR: (ThinkException) 非法操作:images
[ 2013-08-16T22:01:34+08:00 ] ERR: (ThinkException) 非法操作:images
[ 2013-08-16T22:01:34+08:00 ] ERR: (ThinkException) 非法操作:images
[ 2013-08-16T22:01:34+08:00 ] ERR: (ThinkException) 非法操作:images
[ 2013-08-16T22:01:34+08:00 ] ERR: (ThinkException) 非法操作:images
[ 2013-08-16T22:03:42+08:00 ] ERR: (ThinkException) 非法操作:images
[ 2013-08-16T22:03:42+08:00 ] ERR: (ThinkException) 非法操作:images
[ 2013-08-16T22:03:42+08:00 ] ERR: (ThinkException) 无法加载模块:Public
[ 2013-08-16T22:03:53+08:00 ] ERR: (ThinkException) 非法操作:images
[ 2013-08-16T22:08:37+08:00 ] ERR: (ThinkException) 无法加载模块:Public
[ 2013-08-16T22:23:20+08:00 ] ERR: (ThinkException) 无法加载模块:Public
