[ 2013-12-19T11:06:27+08:00 ] ERR: (ThinkException) 无法加载模块:Public
[ 2013-12-19T11:10:19+08:00 ] ERR: (ThinkException) 无法加载模块:Public
[ 2013-12-19T11:20:41+08:00 ] ERR: (ThinkException) 无法加载模块:Public
[ 2013-12-19T11:21:04+08:00 ] 127.0.0.1 /jujiao/Admin/Products/index
INFO: [ app_begin ] --START--
INFO: Run ReadHtmlCache Behavior [ RunTime:0.000911s ]
INFO: [ app_begin ] --END-- [ RunTime:0.001049s ]
INFO: [ view_template ] --START--
INFO: Run LocationTemplate Behavior [ RunTime:0.000671s ]
INFO: [ view_template ] --END-- [ RunTime:0.000771s ]
INFO: [ view_parse ] --START--
INFO: Run ParseTemplate Behavior [ RunTime:0.007747s ]
INFO: [ view_parse ] --END-- [ RunTime:0.007959s ]
INFO: [ view_filter ] --START--
INFO: Run ContentReplace Behavior [ RunTime:0.000661s ]
INFO: Run TokenBuild Behavior [ RunTime:0.000496s ]
INFO: Run WriteHtmlCache Behavior [ RunTime:0.000333s ]
INFO: Run ShowRuntime Behavior [ RunTime:0.000823s ]
INFO: [ view_filter ] --END-- [ RunTime:0.002609s ]
INFO: [ view_end ] --START--
INFO: Run ShowPageTrace Behavior [ RunTime:0.000804s ]
INFO: [ view_end ] --END-- [ RunTime:0.000921s ]

[ 2013-12-19T11:21:29+08:00 ] 127.0.0.1 /jujiao/Admin/Products/index
INFO: [ app_begin ] --START--
INFO: Run ReadHtmlCache Behavior [ RunTime:0.000670s ]
INFO: [ app_begin ] --END-- [ RunTime:0.000763s ]
INFO: [ view_template ] --START--
INFO: Run LocationTemplate Behavior [ RunTime:0.000366s ]
INFO: [ view_template ] --END-- [ RunTime:0.000460s ]
INFO: [ view_parse ] --START--
INFO: Run ParseTemplate Behavior [ RunTime:0.006532s ]
INFO: [ view_parse ] --END-- [ RunTime:0.006632s ]
INFO: [ view_filter ] --START--
INFO: Run ContentReplace Behavior [ RunTime:0.000407s ]
INFO: Run TokenBuild Behavior [ RunTime:0.000404s ]
INFO: Run WriteHtmlCache Behavior [ RunTime:0.000285s ]
INFO: Run ShowRuntime Behavior [ RunTime:0.000538s ]
INFO: [ view_filter ] --END-- [ RunTime:0.001911s ]
INFO: [ view_end ] --START--
INFO: Run ShowPageTrace Behavior [ RunTime:0.000583s ]
INFO: [ view_end ] --END-- [ RunTime:0.000670s ]

[ 2013-12-19T11:21:30+08:00 ] 127.0.0.1 /jujiao/Admin/Products/index
INFO: [ app_begin ] --START--
INFO: Run ReadHtmlCache Behavior [ RunTime:0.000764s ]
INFO: [ app_begin ] --END-- [ RunTime:0.000891s ]
INFO: [ view_template ] --START--
INFO: Run LocationTemplate Behavior [ RunTime:0.000644s ]
INFO: [ view_template ] --END-- [ RunTime:0.000788s ]
INFO: [ view_parse ] --START--
INFO: Run ParseTemplate Behavior [ RunTime:0.009295s ]
INFO: [ view_parse ] --END-- [ RunTime:0.009439s ]
INFO: [ view_filter ] --START--
INFO: Run ContentReplace Behavior [ RunTime:0.000686s ]
INFO: Run TokenBuild Behavior [ RunTime:0.000614s ]
INFO: Run WriteHtmlCache Behavior [ RunTime:0.000365s ]
INFO: Run ShowRuntime Behavior [ RunTime:0.000630s ]
INFO: [ view_filter ] --END-- [ RunTime:0.002659s ]
INFO: [ view_end ] --START--
INFO: Run ShowPageTrace Behavior [ RunTime:0.000834s ]
INFO: [ view_end ] --END-- [ RunTime:0.000934s ]

[ 2013-12-19T11:21:31+08:00 ] 127.0.0.1 /jujiao/Admin/Products/index
INFO: [ app_begin ] --START--
INFO: Run ReadHtmlCache Behavior [ RunTime:0.000682s ]
INFO: [ app_begin ] --END-- [ RunTime:0.000796s ]
INFO: [ view_template ] --START--
INFO: Run LocationTemplate Behavior [ RunTime:0.000461s ]
INFO: [ view_template ] --END-- [ RunTime:0.000574s ]
INFO: [ view_parse ] --START--
INFO: Run ParseTemplate Behavior [ RunTime:0.008079s ]
INFO: [ view_parse ] --END-- [ RunTime:0.008205s ]
INFO: [ view_filter ] --START--
INFO: Run ContentReplace Behavior [ RunTime:0.000599s ]
INFO: Run TokenBuild Behavior [ RunTime:0.000514s ]
INFO: Run WriteHtmlCache Behavior [ RunTime:0.000323s ]
INFO: Run ShowRuntime Behavior [ RunTime:0.000630s ]
INFO: [ view_filter ] --END-- [ RunTime:0.002413s ]
INFO: [ view_end ] --START--
INFO: Run ShowPageTrace Behavior [ RunTime:0.000722s ]
INFO: [ view_end ] --END-- [ RunTime:0.000826s ]

[ 2013-12-19T11:21:31+08:00 ] 127.0.0.1 /jujiao/Admin/Products/index
INFO: [ app_begin ] --START--
INFO: Run ReadHtmlCache Behavior [ RunTime:0.000629s ]
INFO: [ app_begin ] --END-- [ RunTime:0.000720s ]
INFO: [ view_template ] --START--
INFO: Run LocationTemplate Behavior [ RunTime:0.000366s ]
INFO: [ view_template ] --END-- [ RunTime:0.000458s ]
INFO: [ view_parse ] --START--
INFO: Run ParseTemplate Behavior [ RunTime:0.007183s ]
INFO: [ view_parse ] --END-- [ RunTime:0.007302s ]
INFO: [ view_filter ] --START--
INFO: Run ContentReplace Behavior [ RunTime:0.000422s ]
INFO: Run TokenBuild Behavior [ RunTime:0.000405s ]
INFO: Run WriteHtmlCache Behavior [ RunTime:0.000259s ]
INFO: Run ShowRuntime Behavior [ RunTime:0.000499s ]
INFO: [ view_filter ] --END-- [ RunTime:0.001829s ]
INFO: [ view_end ] --START--
INFO: Run ShowPageTrace Behavior [ RunTime:0.000588s ]
INFO: [ view_end ] --END-- [ RunTime:0.000736s ]

[ 2013-12-19T11:21:31+08:00 ] 127.0.0.1 /jujiao/Admin/Products/index
INFO: [ app_begin ] --START--
INFO: Run ReadHtmlCache Behavior [ RunTime:0.000598s ]
INFO: [ app_begin ] --END-- [ RunTime:0.000697s ]
INFO: [ view_template ] --START--
INFO: Run LocationTemplate Behavior [ RunTime:0.000409s ]
INFO: [ view_template ] --END-- [ RunTime:0.000514s ]
INFO: [ view_parse ] --START--
INFO: Run ParseTemplate Behavior [ RunTime:0.007274s ]
INFO: [ view_parse ] --END-- [ RunTime:0.007418s ]
INFO: [ view_filter ] --START--
INFO: Run ContentReplace Behavior [ RunTime:0.000453s ]
INFO: Run TokenBuild Behavior [ RunTime:0.000441s ]
INFO: Run WriteHtmlCache Behavior [ RunTime:0.000286s ]
INFO: Run ShowRuntime Behavior [ RunTime:0.000541s ]
INFO: [ view_filter ] --END-- [ RunTime:0.001986s ]
INFO: [ view_end ] --START--
INFO: Run ShowPageTrace Behavior [ RunTime:0.000622s ]
INFO: [ view_end ] --END-- [ RunTime:0.000712s ]

[ 2013-12-19T11:21:32+08:00 ] 127.0.0.1 /jujiao/Admin/Products/index
INFO: [ app_begin ] --START--
INFO: Run ReadHtmlCache Behavior [ RunTime:0.000828s ]
INFO: [ app_begin ] --END-- [ RunTime:0.000957s ]
INFO: [ view_template ] --START--
INFO: Run LocationTemplate Behavior [ RunTime:0.000494s ]
INFO: [ view_template ] --END-- [ RunTime:0.000621s ]
INFO: [ view_parse ] --START--
INFO: Run ParseTemplate Behavior [ RunTime:0.008105s ]
INFO: [ view_parse ] --END-- [ RunTime:0.008247s ]
INFO: [ view_filter ] --START--
INFO: Run ContentReplace Behavior [ RunTime:0.000425s ]
INFO: Run TokenBuild Behavior [ RunTime:0.000433s ]
INFO: Run WriteHtmlCache Behavior [ RunTime:0.000274s ]
INFO: Run ShowRuntime Behavior [ RunTime:0.000535s ]
INFO: [ view_filter ] --END-- [ RunTime:0.001937s ]
INFO: [ view_end ] --START--
INFO: Run ShowPageTrace Behavior [ RunTime:0.000622s ]
INFO: [ view_end ] --END-- [ RunTime:0.000714s ]

[ 2013-12-19T11:31:09+08:00 ] 127.0.0.1 /jujiao/Admin/Products/index
INFO: [ app_begin ] --START--
INFO: Run ReadHtmlCache Behavior [ RunTime:0.000534s ]
INFO: [ app_begin ] --END-- [ RunTime:0.000623s ]
INFO: [ view_template ] --START--
INFO: Run LocationTemplate Behavior [ RunTime:0.000552s ]
INFO: [ view_template ] --END-- [ RunTime:0.000642s ]
INFO: [ view_parse ] --START--
INFO: Run ParseTemplate Behavior [ RunTime:0.007080s ]
INFO: [ view_parse ] --END-- [ RunTime:0.007184s ]
INFO: [ view_filter ] --START--
INFO: Run ContentReplace Behavior [ RunTime:0.000442s ]
INFO: Run TokenBuild Behavior [ RunTime:0.000412s ]
INFO: Run WriteHtmlCache Behavior [ RunTime:0.000370s ]
INFO: Run ShowRuntime Behavior [ RunTime:0.000505s ]
INFO: [ view_filter ] --END-- [ RunTime:0.002000s ]
INFO: [ view_end ] --START--
INFO: Run ShowPageTrace Behavior [ RunTime:0.000698s ]
INFO: [ view_end ] --END-- [ RunTime:0.000784s ]

[ 2013-12-19T11:31:12+08:00 ] 127.0.0.1 /jujiao/Admin/Products/index
INFO: [ app_begin ] --START--
INFO: Run ReadHtmlCache Behavior [ RunTime:0.000674s ]
INFO: [ app_begin ] --END-- [ RunTime:0.000786s ]
INFO: [ view_template ] --START--
INFO: Run LocationTemplate Behavior [ RunTime:0.000690s ]
INFO: [ view_template ] --END-- [ RunTime:0.000806s ]
INFO: [ view_parse ] --START--
INFO: Run ParseTemplate Behavior [ RunTime:0.008720s ]
INFO: [ view_parse ] --END-- [ RunTime:0.008838s ]
INFO: [ view_filter ] --START--
INFO: Run ContentReplace Behavior [ RunTime:0.000416s ]
INFO: Run TokenBuild Behavior [ RunTime:0.000406s ]
INFO: Run WriteHtmlCache Behavior [ RunTime:0.000361s ]
INFO: Run ShowRuntime Behavior [ RunTime:0.000506s ]
INFO: [ view_filter ] --END-- [ RunTime:0.001929s ]
INFO: [ view_end ] --START--
INFO: Run ShowPageTrace Behavior [ RunTime:0.000734s ]
INFO: [ view_end ] --END-- [ RunTime:0.000828s ]

[ 2013-12-19T11:31:23+08:00 ] 127.0.0.1 /jujiao/Admin/Products/index
INFO: [ app_begin ] --START--
INFO: Run ReadHtmlCache Behavior [ RunTime:0.000681s ]
INFO: [ app_begin ] --END-- [ RunTime:0.000794s ]
INFO: [ view_template ] --START--
INFO: Run LocationTemplate Behavior [ RunTime:0.000691s ]
INFO: [ view_template ] --END-- [ RunTime:0.000805s ]
INFO: [ view_parse ] --START--
INFO: Run ParseTemplate Behavior [ RunTime:0.008106s ]
INFO: [ view_parse ] --END-- [ RunTime:0.008262s ]
INFO: [ view_filter ] --START--
INFO: Run ContentReplace Behavior [ RunTime:0.000526s ]
INFO: Run TokenBuild Behavior [ RunTime:0.000641s ]
INFO: Run WriteHtmlCache Behavior [ RunTime:0.000692s ]
INFO: Run ShowRuntime Behavior [ RunTime:0.000854s ]
INFO: [ view_filter ] --END-- [ RunTime:0.003075s ]
INFO: [ view_end ] --START--
INFO: Run ShowPageTrace Behavior [ RunTime:0.000872s ]
INFO: [ view_end ] --END-- [ RunTime:0.000984s ]

[ 2013-12-19T11:33:31+08:00 ] 127.0.0.1 /jujiao/Admin/Products/index
INFO: [ app_begin ] --START--
INFO: Run ReadHtmlCache Behavior [ RunTime:0.000608s ]
INFO: [ app_begin ] --END-- [ RunTime:0.000716s ]
INFO: [ view_template ] --START--
INFO: Run LocationTemplate Behavior [ RunTime:0.000627s ]
INFO: [ view_template ] --END-- [ RunTime:0.000731s ]
INFO: [ view_parse ] --START--
INFO: Run ParseTemplate Behavior [ RunTime:0.007908s ]
INFO: [ view_parse ] --END-- [ RunTime:0.008027s ]
INFO: [ view_filter ] --START--
INFO: Run ContentReplace Behavior [ RunTime:0.000465s ]
INFO: Run TokenBuild Behavior [ RunTime:0.000441s ]
INFO: Run WriteHtmlCache Behavior [ RunTime:0.000359s ]
INFO: Run ShowRuntime Behavior [ RunTime:0.000750s ]
INFO: [ view_filter ] --END-- [ RunTime:0.002311s ]
INFO: [ view_end ] --START--
INFO: Run ShowPageTrace Behavior [ RunTime:0.001143s ]
INFO: [ view_end ] --END-- [ RunTime:0.001285s ]

[ 2013-12-19T11:33:31+08:00 ] ERR: (ThinkException) 非法操作:jquery-1.9.0.min
[ 2013-12-19T11:33:31+08:00 ] ERR: (ThinkException) 非法操作:ajaxpaging.ini
[ 2013-12-19T11:33:31+08:00 ] ERR: (ThinkException) 非法操作:ajaxpaging
[ 2013-12-19T11:35:11+08:00 ] 127.0.0.1 /jujiao/Admin/Products/index
INFO: [ app_begin ] --START--
INFO: Run ReadHtmlCache Behavior [ RunTime:0.000545s ]
INFO: [ app_begin ] --END-- [ RunTime:0.000636s ]
INFO: [ view_template ] --START--
INFO: Run LocationTemplate Behavior [ RunTime:0.000513s ]
INFO: [ view_template ] --END-- [ RunTime:0.000606s ]
INFO: [ view_parse ] --START--
INFO: Run ParseTemplate Behavior [ RunTime:0.006513s ]
INFO: [ view_parse ] --END-- [ RunTime:0.006615s ]
INFO: [ view_filter ] --START--
INFO: Run ContentReplace Behavior [ RunTime:0.000400s ]
INFO: Run TokenBuild Behavior [ RunTime:0.000406s ]
INFO: Run WriteHtmlCache Behavior [ RunTime:0.000258s ]
INFO: Run ShowRuntime Behavior [ RunTime:0.000499s ]
INFO: [ view_filter ] --END-- [ RunTime:0.001807s ]
INFO: [ view_end ] --START--
INFO: Run ShowPageTrace Behavior [ RunTime:0.000593s ]
INFO: [ view_end ] --END-- [ RunTime:0.000682s ]

[ 2013-12-19T11:35:11+08:00 ] ERR: (ThinkException) 非法操作:jquery-1.9.0.min
[ 2013-12-19T11:35:11+08:00 ] ERR: (ThinkException) 非法操作:ajaxpaging.ini
[ 2013-12-19T11:35:11+08:00 ] ERR: (ThinkException) 非法操作:ajaxpaging
[ 2013-12-19T11:41:04+08:00 ] 127.0.0.1 /jujiao/Admin/Products/index
INFO: [ app_begin ] --START--
INFO: Run ReadHtmlCache Behavior [ RunTime:0.000735s ]
INFO: [ app_begin ] --END-- [ RunTime:0.000846s ]
INFO: [ view_template ] --START--
INFO: Run LocationTemplate Behavior [ RunTime:0.000758s ]
INFO: [ view_template ] --END-- [ RunTime:0.000874s ]
INFO: [ view_parse ] --START--
INFO: Run ParseTemplate Behavior [ RunTime:0.008097s ]
INFO: [ view_parse ] --END-- [ RunTime:0.008242s ]
INFO: [ view_filter ] --START--
INFO: Run ContentReplace Behavior [ RunTime:0.000507s ]
INFO: Run TokenBuild Behavior [ RunTime:0.000465s ]
INFO: Run WriteHtmlCache Behavior [ RunTime:0.000321s ]
INFO: Run ShowRuntime Behavior [ RunTime:0.000584s ]
INFO: [ view_filter ] --END-- [ RunTime:0.002115s ]
INFO: [ view_end ] --START--
INFO: Run ShowPageTrace Behavior [ RunTime:0.000640s ]
INFO: [ view_end ] --END-- [ RunTime:0.000729s ]

[ 2013-12-19T11:41:04+08:00 ] ERR: (ThinkException) 非法操作:jquery-1.9.0.min
[ 2013-12-19T11:41:04+08:00 ] ERR: (ThinkException) 非法操作:ajaxpaging.ini
[ 2013-12-19T11:41:04+08:00 ] ERR: (ThinkException) 非法操作:ajaxpaging
[ 2013-12-19T11:41:07+08:00 ] 127.0.0.1 /jujiao/Admin/Products/index
INFO: [ app_begin ] --START--
INFO: Run ReadHtmlCache Behavior [ RunTime:0.000546s ]
INFO: [ app_begin ] --END-- [ RunTime:0.000637s ]
INFO: [ view_template ] --START--
INFO: Run LocationTemplate Behavior [ RunTime:0.000368s ]
INFO: [ view_template ] --END-- [ RunTime:0.000458s ]
INFO: [ view_parse ] --START--
INFO: Run ParseTemplate Behavior [ RunTime:0.006829s ]
INFO: [ view_parse ] --END-- [ RunTime:0.006937s ]
INFO: [ view_filter ] --START--
INFO: Run ContentReplace Behavior [ RunTime:0.000414s ]
INFO: Run TokenBuild Behavior [ RunTime:0.000393s ]
INFO: Run WriteHtmlCache Behavior [ RunTime:0.000255s ]
INFO: Run ShowRuntime Behavior [ RunTime:0.000505s ]
INFO: [ view_filter ] --END-- [ RunTime:0.001805s ]
INFO: [ view_end ] --START--
INFO: Run ShowPageTrace Behavior [ RunTime:0.000565s ]
INFO: [ view_end ] --END-- [ RunTime:0.000647s ]

[ 2013-12-19T11:41:07+08:00 ] ERR: (ThinkException) 非法操作:jquery-1.9.0.min
[ 2013-12-19T11:41:07+08:00 ] ERR: (ThinkException) 非法操作:ajaxpaging.ini
[ 2013-12-19T11:41:07+08:00 ] ERR: (ThinkException) 非法操作:ajaxpaging
[ 2013-12-19T11:47:06+08:00 ] 127.0.0.1 /jujiao/Admin/Products/index
INFO: [ app_begin ] --START--
INFO: Run ReadHtmlCache Behavior [ RunTime:0.000648s ]
INFO: [ app_begin ] --END-- [ RunTime:0.000757s ]
INFO: [ view_template ] --START--
INFO: Run LocationTemplate Behavior [ RunTime:0.000610s ]
INFO: [ view_template ] --END-- [ RunTime:0.000718s ]
INFO: [ view_parse ] --START--
INFO: Run ParseTemplate Behavior [ RunTime:0.008326s ]
INFO: [ view_parse ] --END-- [ RunTime:0.008474s ]
INFO: [ view_filter ] --START--
INFO: Run ContentReplace Behavior [ RunTime:0.000709s ]
INFO: Run TokenBuild Behavior [ RunTime:0.000420s ]
INFO: Run WriteHtmlCache Behavior [ RunTime:0.000325s ]
INFO: Run ShowRuntime Behavior [ RunTime:0.000805s ]
INFO: [ view_filter ] --END-- [ RunTime:0.002613s ]
INFO: [ view_end ] --START--
INFO: Run ShowPageTrace Behavior [ RunTime:0.001153s ]
INFO: [ view_end ] --END-- [ RunTime:0.001314s ]

[ 2013-12-19T11:47:06+08:00 ] ERR: (ThinkException) 非法操作:jquery-1.9.0.min
[ 2013-12-19T11:47:06+08:00 ] ERR: (ThinkException) 非法操作:ajaxpaging.ini
[ 2013-12-19T11:47:06+08:00 ] ERR: (ThinkException) 非法操作:ajaxpaging
[ 2013-12-19T11:47:29+08:00 ] 127.0.0.1 /jujiao/Admin/Products/index
INFO: [ app_begin ] --START--
INFO: Run ReadHtmlCache Behavior [ RunTime:0.000745s ]
INFO: [ app_begin ] --END-- [ RunTime:0.000854s ]
INFO: [ view_template ] --START--
INFO: Run LocationTemplate Behavior [ RunTime:0.000564s ]
INFO: [ view_template ] --END-- [ RunTime:0.000673s ]
INFO: [ view_parse ] --START--
INFO: Run ParseTemplate Behavior [ RunTime:0.007857s ]
INFO: [ view_parse ] --END-- [ RunTime:0.007975s ]
INFO: [ view_filter ] --START--
INFO: Run ContentReplace Behavior [ RunTime:0.000524s ]
INFO: Run TokenBuild Behavior [ RunTime:0.000645s ]
INFO: Run WriteHtmlCache Behavior [ RunTime:0.000389s ]
INFO: Run ShowRuntime Behavior [ RunTime:0.000631s ]
INFO: [ view_filter ] --END-- [ RunTime:0.002517s ]
INFO: [ view_end ] --START--
INFO: Run ShowPageTrace Behavior [ RunTime:0.000950s ]
INFO: [ view_end ] --END-- [ RunTime:0.001074s ]

[ 2013-12-19T11:47:29+08:00 ] ERR: (ThinkException) 非法操作:jquery-1.9.0.min
[ 2013-12-19T11:47:29+08:00 ] ERR: (ThinkException) 非法操作:ajaxpaging.ini
[ 2013-12-19T11:47:29+08:00 ] ERR: (ThinkException) 非法操作:ajaxpaging
[ 2013-12-19T12:03:21+08:00 ] 127.0.0.1 /jujiao/Admin/Products/index
INFO: [ app_begin ] --START--
INFO: Run ReadHtmlCache Behavior [ RunTime:0.000616s ]
INFO: [ app_begin ] --END-- [ RunTime:0.000710s ]
INFO: [ view_template ] --START--
INFO: Run LocationTemplate Behavior [ RunTime:0.000646s ]
INFO: [ view_template ] --END-- [ RunTime:0.000740s ]
INFO: [ view_parse ] --START--
INFO: Run ParseTemplate Behavior [ RunTime:0.007136s ]
INFO: [ view_parse ] --END-- [ RunTime:0.007268s ]
INFO: [ view_filter ] --START--
INFO: Run ContentReplace Behavior [ RunTime:0.000495s ]
INFO: Run TokenBuild Behavior [ RunTime:0.000620s ]
INFO: Run WriteHtmlCache Behavior [ RunTime:0.000489s ]
INFO: Run ShowRuntime Behavior [ RunTime:0.000964s ]
INFO: [ view_filter ] --END-- [ RunTime:0.002936s ]
INFO: [ view_end ] --START--
INFO: Run ShowPageTrace Behavior [ RunTime:0.001120s ]
INFO: [ view_end ] --END-- [ RunTime:0.001277s ]

[ 2013-12-19T12:03:21+08:00 ] ERR: (ThinkException) 非法操作:jquery-1.9.0.min
[ 2013-12-19T12:03:21+08:00 ] ERR: (ThinkException) 非法操作:ajaxpaging.ini
[ 2013-12-19T12:03:21+08:00 ] ERR: (ThinkException) 非法操作:ajaxpaging
[ 2013-12-19T12:03:24+08:00 ] 127.0.0.1 /jujiao/Admin/Products/index
INFO: [ app_begin ] --START--
INFO: Run ReadHtmlCache Behavior [ RunTime:0.000687s ]
INFO: [ app_begin ] --END-- [ RunTime:0.000796s ]
INFO: [ view_template ] --START--
INFO: Run LocationTemplate Behavior [ RunTime:0.000438s ]
INFO: [ view_template ] --END-- [ RunTime:0.000547s ]
INFO: [ view_parse ] --START--
INFO: Run ParseTemplate Behavior [ RunTime:0.009267s ]
INFO: [ view_parse ] --END-- [ RunTime:0.009494s ]
INFO: [ view_filter ] --START--
INFO: Run ContentReplace Behavior [ RunTime:0.000524s ]
INFO: Run TokenBuild Behavior [ RunTime:0.000408s ]
INFO: Run WriteHtmlCache Behavior [ RunTime:0.000262s ]
INFO: Run ShowRuntime Behavior [ RunTime:0.000505s ]
INFO: [ view_filter ] --END-- [ RunTime:0.001955s ]
INFO: [ view_end ] --START--
INFO: Run ShowPageTrace Behavior [ RunTime:0.000731s ]
INFO: [ view_end ] --END-- [ RunTime:0.000823s ]

[ 2013-12-19T12:03:24+08:00 ] ERR: (ThinkException) 非法操作:jquery-1.9.0.min
[ 2013-12-19T12:03:24+08:00 ] ERR: (ThinkException) 非法操作:ajaxpaging.ini
[ 2013-12-19T12:03:24+08:00 ] ERR: (ThinkException) 非法操作:ajaxpaging
[ 2013-12-19T12:04:32+08:00 ] 127.0.0.1 /jujiao/Admin/Products/index
INFO: [ app_begin ] --START--
INFO: Run ReadHtmlCache Behavior [ RunTime:0.000550s ]
INFO: [ app_begin ] --END-- [ RunTime:0.000642s ]
INFO: [ view_template ] --START--
INFO: Run LocationTemplate Behavior [ RunTime:0.000553s ]
INFO: [ view_template ] --END-- [ RunTime:0.000647s ]
INFO: [ view_parse ] --START--
INFO: Run ParseTemplate Behavior [ RunTime:0.007141s ]
INFO: [ view_parse ] --END-- [ RunTime:0.007254s ]
INFO: [ view_filter ] --START--
INFO: Run ContentReplace Behavior [ RunTime:0.000501s ]
INFO: Run TokenBuild Behavior [ RunTime:0.000409s ]
INFO: Run WriteHtmlCache Behavior [ RunTime:0.000258s ]
INFO: Run ShowRuntime Behavior [ RunTime:0.000507s ]
INFO: [ view_filter ] --END-- [ RunTime:0.001926s ]
INFO: [ view_end ] --START--
INFO: Run ShowPageTrace Behavior [ RunTime:0.000726s ]
INFO: [ view_end ] --END-- [ RunTime:0.000819s ]

[ 2013-12-19T12:04:32+08:00 ] ERR: (ThinkException) 非法操作:jquery-1.9.0.min
[ 2013-12-19T12:04:32+08:00 ] ERR: (ThinkException) 非法操作:ajaxpaging.ini
[ 2013-12-19T12:04:32+08:00 ] ERR: (ThinkException) 非法操作:ajaxpaging
[ 2013-12-19T12:05:21+08:00 ] 127.0.0.1 /jujiao/Admin/Products/index
INFO: [ app_begin ] --START--
INFO: Run ReadHtmlCache Behavior [ RunTime:0.001076s ]
INFO: [ app_begin ] --END-- [ RunTime:0.001233s ]
INFO: [ view_template ] --START--
INFO: Run LocationTemplate Behavior [ RunTime:0.000607s ]
INFO: [ view_template ] --END-- [ RunTime:0.000831s ]
INFO: [ view_parse ] --START--
INFO: Run ParseTemplate Behavior [ RunTime:0.010718s ]
INFO: [ view_parse ] --END-- [ RunTime:0.010885s ]
INFO: [ view_filter ] --START--
INFO: Run ContentReplace Behavior [ RunTime:0.000650s ]
INFO: Run TokenBuild Behavior [ RunTime:0.000632s ]
INFO: Run WriteHtmlCache Behavior [ RunTime:0.000408s ]
INFO: Run ShowRuntime Behavior [ RunTime:0.000787s ]
INFO: [ view_filter ] --END-- [ RunTime:0.002852s ]
INFO: [ view_end ] --START--
INFO: Run ShowPageTrace Behavior [ RunTime:0.001066s ]
INFO: [ view_end ] --END-- [ RunTime:0.001198s ]

[ 2013-12-19T12:05:21+08:00 ] ERR: (ThinkException) 非法操作:jquery-1.9.0.min
[ 2013-12-19T12:05:21+08:00 ] ERR: (ThinkException) 非法操作:ajaxpaging.ini
[ 2013-12-19T12:05:21+08:00 ] ERR: (ThinkException) 非法操作:ajaxpaging
[ 2013-12-19T12:59:35+08:00 ] 127.0.0.1 /jujiao/Admin/Products/index
INFO: [ app_begin ] --START--
INFO: Run ReadHtmlCache Behavior [ RunTime:0.000683s ]
INFO: [ app_begin ] --END-- [ RunTime:0.000794s ]
INFO: [ view_template ] --START--
INFO: Run LocationTemplate Behavior [ RunTime:0.000637s ]
INFO: [ view_template ] --END-- [ RunTime:0.000746s ]
INFO: [ view_parse ] --START--
INFO: Run ParseTemplate Behavior [ RunTime:0.008144s ]
INFO: [ view_parse ] --END-- [ RunTime:0.008283s ]
INFO: [ view_filter ] --START--
INFO: Run ContentReplace Behavior [ RunTime:0.000542s ]
INFO: Run TokenBuild Behavior [ RunTime:0.000637s ]
INFO: Run WriteHtmlCache Behavior [ RunTime:0.000401s ]
INFO: Run ShowRuntime Behavior [ RunTime:0.000629s ]
INFO: [ view_filter ] --END-- [ RunTime:0.002566s ]
INFO: [ view_end ] --START--
INFO: Run ShowPageTrace Behavior [ RunTime:0.000735s ]
INFO: [ view_end ] --END-- [ RunTime:0.000853s ]

[ 2013-12-19T12:59:35+08:00 ] ERR: (ThinkException) 非法操作:main_ajax_do
[ 2013-12-19T12:59:35+08:00 ] ERR: (ThinkException) 非法操作:jquery.min
[ 2013-12-19T13:03:05+08:00 ] 127.0.0.1 /jujiao/Admin/Products/index
INFO: [ app_begin ] --START--
INFO: Run ReadHtmlCache Behavior [ RunTime:0.000783s ]
INFO: [ app_begin ] --END-- [ RunTime:0.000907s ]
INFO: [ view_template ] --START--
INFO: Run LocationTemplate Behavior [ RunTime:0.000664s ]
INFO: [ view_template ] --END-- [ RunTime:0.000776s ]
INFO: [ view_parse ] --START--
INFO: Run ParseTemplate Behavior [ RunTime:0.006607s ]
INFO: [ view_parse ] --END-- [ RunTime:0.006717s ]
INFO: [ view_filter ] --START--
INFO: Run ContentReplace Behavior [ RunTime:0.000433s ]
INFO: Run TokenBuild Behavior [ RunTime:0.000436s ]
INFO: Run WriteHtmlCache Behavior [ RunTime:0.000375s ]
INFO: Run ShowRuntime Behavior [ RunTime:0.000536s ]
INFO: [ view_filter ] --END-- [ RunTime:0.002039s ]
INFO: [ view_end ] --START--
INFO: Run ShowPageTrace Behavior [ RunTime:0.000827s ]
INFO: [ view_end ] --END-- [ RunTime:0.000927s ]

[ 2013-12-19T13:03:06+08:00 ] ERR: (ThinkException) 非法操作:main_ajax_do
[ 2013-12-19T13:03:06+08:00 ] ERR: (ThinkException) 非法操作:jquery.min
[ 2013-12-19T13:03:19+08:00 ] 127.0.0.1 /jujiao/Admin/Products/index
INFO: [ app_begin ] --START--
INFO: Run ReadHtmlCache Behavior [ RunTime:0.000590s ]
INFO: [ app_begin ] --END-- [ RunTime:0.000684s ]
INFO: [ view_template ] --START--
INFO: Run LocationTemplate Behavior [ RunTime:0.000557s ]
INFO: [ view_template ] --END-- [ RunTime:0.000655s ]
INFO: [ view_parse ] --START--
INFO: Run ParseTemplate Behavior [ RunTime:0.007180s ]
INFO: [ view_parse ] --END-- [ RunTime:0.007297s ]
INFO: [ view_filter ] --START--
INFO: Run ContentReplace Behavior [ RunTime:0.000443s ]
INFO: Run TokenBuild Behavior [ RunTime:0.000426s ]
INFO: Run WriteHtmlCache Behavior [ RunTime:0.000375s ]
INFO: Run ShowRuntime Behavior [ RunTime:0.000627s ]
INFO: [ view_filter ] --END-- [ RunTime:0.002136s ]
INFO: [ view_end ] --START--
INFO: Run ShowPageTrace Behavior [ RunTime:0.000772s ]
INFO: [ view_end ] --END-- [ RunTime:0.000871s ]

[ 2013-12-19T13:03:20+08:00 ] ERR: (ThinkException) 非法操作:main_ajax_do
[ 2013-12-19T13:03:20+08:00 ] ERR: (ThinkException) 非法操作:jquery.min
[ 2013-12-19T13:05:45+08:00 ] 127.0.0.1 /jujiao/Admin/Products/index
INFO: [ app_begin ] --START--
INFO: Run ReadHtmlCache Behavior [ RunTime:0.000634s ]
INFO: [ app_begin ] --END-- [ RunTime:0.000729s ]
INFO: [ view_template ] --START--
INFO: Run LocationTemplate Behavior [ RunTime:0.000676s ]
INFO: [ view_template ] --END-- [ RunTime:0.000774s ]
INFO: [ view_parse ] --START--
INFO: Run ParseTemplate Behavior [ RunTime:0.006968s ]
INFO: [ view_parse ] --END-- [ RunTime:0.007073s ]
INFO: [ view_filter ] --START--
INFO: Run ContentReplace Behavior [ RunTime:0.000540s ]
INFO: Run TokenBuild Behavior [ RunTime:0.000563s ]
INFO: Run WriteHtmlCache Behavior [ RunTime:0.000397s ]
INFO: Run ShowRuntime Behavior [ RunTime:0.000567s ]
INFO: [ view_filter ] --END-- [ RunTime:0.002350s ]
INFO: [ view_end ] --START--
INFO: Run ShowPageTrace Behavior [ RunTime:0.000701s ]
INFO: [ view_end ] --END-- [ RunTime:0.000790s ]

[ 2013-12-19T13:05:45+08:00 ] ERR: (ThinkException) 非法操作:main_ajax_do
[ 2013-12-19T13:05:45+08:00 ] ERR: (ThinkException) 非法操作:jquery.min
[ 2013-12-19T13:05:46+08:00 ] 127.0.0.1 /jujiao/Admin/Products/index
INFO: [ app_begin ] --START--
INFO: Run ReadHtmlCache Behavior [ RunTime:0.000765s ]
INFO: [ app_begin ] --END-- [ RunTime:0.000890s ]
INFO: [ view_template ] --START--
INFO: Run LocationTemplate Behavior [ RunTime:0.000907s ]
INFO: [ view_template ] --END-- [ RunTime:0.001038s ]
INFO: [ view_parse ] --START--
INFO: Run ParseTemplate Behavior [ RunTime:0.007908s ]
INFO: [ view_parse ] --END-- [ RunTime:0.008033s ]
INFO: [ view_filter ] --START--
INFO: Run ContentReplace Behavior [ RunTime:0.000492s ]
INFO: Run TokenBuild Behavior [ RunTime:0.000530s ]
INFO: Run WriteHtmlCache Behavior [ RunTime:0.000377s ]
INFO: Run ShowRuntime Behavior [ RunTime:0.000593s ]
INFO: [ view_filter ] --END-- [ RunTime:0.002259s ]
INFO: [ view_end ] --START--
INFO: Run ShowPageTrace Behavior [ RunTime:0.000771s ]
INFO: [ view_end ] --END-- [ RunTime:0.000866s ]

[ 2013-12-19T13:05:46+08:00 ] ERR: (ThinkException) 非法操作:main_ajax_do
[ 2013-12-19T13:05:46+08:00 ] ERR: (ThinkException) 非法操作:jquery.min
[ 2013-12-19T13:05:47+08:00 ] 127.0.0.1 /jujiao/Admin/Products/index
INFO: [ app_begin ] --START--
INFO: Run ReadHtmlCache Behavior [ RunTime:0.000720s ]
INFO: [ app_begin ] --END-- [ RunTime:0.000860s ]
INFO: [ view_template ] --START--
INFO: Run LocationTemplate Behavior [ RunTime:0.000572s ]
INFO: [ view_template ] --END-- [ RunTime:0.000816s ]
INFO: [ view_parse ] --START--
INFO: Run ParseTemplate Behavior [ RunTime:0.008283s ]
INFO: [ view_parse ] --END-- [ RunTime:0.008459s ]
INFO: [ view_filter ] --START--
INFO: Run ContentReplace Behavior [ RunTime:0.000623s ]
INFO: Run TokenBuild Behavior [ RunTime:0.000495s ]
INFO: Run WriteHtmlCache Behavior [ RunTime:0.000527s ]
INFO: Run ShowRuntime Behavior [ RunTime:0.000526s ]
INFO: [ view_filter ] --END-- [ RunTime:0.002486s ]
INFO: [ view_end ] --START--
INFO: Run ShowPageTrace Behavior [ RunTime:0.000709s ]
INFO: [ view_end ] --END-- [ RunTime:0.000801s ]

[ 2013-12-19T13:05:47+08:00 ] ERR: (ThinkException) 非法操作:main_ajax_do
[ 2013-12-19T13:05:47+08:00 ] ERR: (ThinkException) 非法操作:jquery.min
[ 2013-12-19T13:05:54+08:00 ] 127.0.0.1 /jujiao/Admin/Products/index
INFO: [ app_begin ] --START--
INFO: Run ReadHtmlCache Behavior [ RunTime:0.000700s ]
INFO: [ app_begin ] --END-- [ RunTime:0.000814s ]
INFO: [ view_template ] --START--
INFO: Run LocationTemplate Behavior [ RunTime:0.000605s ]
INFO: [ view_template ] --END-- [ RunTime:0.000724s ]
INFO: [ view_parse ] --START--
INFO: Run ParseTemplate Behavior [ RunTime:0.045383s ]
INFO: [ view_parse ] --END-- [ RunTime:0.045704s ]
INFO: [ view_filter ] --START--
INFO: Run ContentReplace Behavior [ RunTime:0.002349s ]
INFO: Run TokenBuild Behavior [ RunTime:0.001573s ]
INFO: Run WriteHtmlCache Behavior [ RunTime:0.001072s ]
INFO: Run ShowRuntime Behavior [ RunTime:0.001574s ]
INFO: [ view_filter ] --END-- [ RunTime:0.007411s ]
INFO: [ view_end ] --START--
INFO: Run ShowPageTrace Behavior [ RunTime:0.002272s ]
INFO: [ view_end ] --END-- [ RunTime:0.002586s ]

[ 2013-12-19T13:05:54+08:00 ] ERR: (ThinkException) 非法操作:main_ajax_do
[ 2013-12-19T13:05:54+08:00 ] ERR: (ThinkException) 非法操作:jquery.min
[ 2013-12-19T13:05:55+08:00 ] 127.0.0.1 /jujiao/Admin/Products/index
INFO: [ app_begin ] --START--
INFO: Run ReadHtmlCache Behavior [ RunTime:0.000560s ]
INFO: [ app_begin ] --END-- [ RunTime:0.000653s ]
INFO: [ view_template ] --START--
INFO: Run LocationTemplate Behavior [ RunTime:0.000375s ]
INFO: [ view_template ] --END-- [ RunTime:0.000470s ]
INFO: [ view_parse ] --START--
INFO: Run ParseTemplate Behavior [ RunTime:0.006427s ]
INFO: [ view_parse ] --END-- [ RunTime:0.006536s ]
INFO: [ view_filter ] --START--
INFO: Run ContentReplace Behavior [ RunTime:0.000417s ]
INFO: Run TokenBuild Behavior [ RunTime:0.000406s ]
INFO: Run WriteHtmlCache Behavior [ RunTime:0.000373s ]
INFO: Run ShowRuntime Behavior [ RunTime:0.000522s ]
INFO: [ view_filter ] --END-- [ RunTime:0.001980s ]
INFO: [ view_end ] --START--
INFO: Run ShowPageTrace Behavior [ RunTime:0.000957s ]
INFO: [ view_end ] --END-- [ RunTime:0.001062s ]

[ 2013-12-19T13:05:55+08:00 ] ERR: (ThinkException) 非法操作:main_ajax_do
[ 2013-12-19T13:05:55+08:00 ] ERR: (ThinkException) 非法操作:jquery.min
[ 2013-12-19T13:05:55+08:00 ] 127.0.0.1 /jujiao/Admin/Products/index
INFO: [ app_begin ] --START--
INFO: Run ReadHtmlCache Behavior [ RunTime:0.000868s ]
INFO: [ app_begin ] --END-- [ RunTime:0.000990s ]
INFO: [ view_template ] --START--
INFO: Run LocationTemplate Behavior [ RunTime:0.000966s ]
INFO: [ view_template ] --END-- [ RunTime:0.001167s ]
INFO: [ view_parse ] --START--
INFO: Run ParseTemplate Behavior [ RunTime:0.007905s ]
INFO: [ view_parse ] --END-- [ RunTime:0.008087s ]
INFO: [ view_filter ] --START--
INFO: Run ContentReplace Behavior [ RunTime:0.000619s ]
INFO: Run TokenBuild Behavior [ RunTime:0.000882s ]
INFO: Run WriteHtmlCache Behavior [ RunTime:0.000527s ]
INFO: Run ShowRuntime Behavior [ RunTime:0.000823s ]
INFO: [ view_filter ] --END-- [ RunTime:0.003246s ]
INFO: [ view_end ] --START--
INFO: Run ShowPageTrace Behavior [ RunTime:0.000816s ]
INFO: [ view_end ] --END-- [ RunTime:0.000919s ]

[ 2013-12-19T13:05:55+08:00 ] ERR: (ThinkException) 非法操作:main_ajax_do
[ 2013-12-19T13:05:55+08:00 ] ERR: (ThinkException) 非法操作:jquery.min
[ 2013-12-19T13:05:55+08:00 ] 127.0.0.1 /jujiao/Admin/Products/index
INFO: [ app_begin ] --START--
INFO: Run ReadHtmlCache Behavior [ RunTime:0.000562s ]
INFO: [ app_begin ] --END-- [ RunTime:0.000656s ]
INFO: [ view_template ] --START--
INFO: Run LocationTemplate Behavior [ RunTime:0.000504s ]
INFO: [ view_template ] --END-- [ RunTime:0.000603s ]
INFO: [ view_parse ] --START--
INFO: Run ParseTemplate Behavior [ RunTime:0.007017s ]
INFO: [ view_parse ] --END-- [ RunTime:0.007126s ]
INFO: [ view_filter ] --START--
INFO: Run ContentReplace Behavior [ RunTime:0.000403s ]
INFO: Run TokenBuild Behavior [ RunTime:0.000494s ]
INFO: Run WriteHtmlCache Behavior [ RunTime:0.000354s ]
INFO: Run ShowRuntime Behavior [ RunTime:0.000511s ]
INFO: [ view_filter ] --END-- [ RunTime:0.002011s ]
INFO: [ view_end ] --START--
INFO: Run ShowPageTrace Behavior [ RunTime:0.000669s ]
INFO: [ view_end ] --END-- [ RunTime:0.000757s ]

[ 2013-12-19T13:05:55+08:00 ] ERR: (ThinkException) 非法操作:main_ajax_do
[ 2013-12-19T13:05:55+08:00 ] 127.0.0.1 /jujiao/Admin/Products/index
INFO: [ app_begin ] --START--
INFO: Run ReadHtmlCache Behavior [ RunTime:0.000739s ]
INFO: [ app_begin ] --END-- [ RunTime:0.000875s ]
INFO: [ view_template ] --START--
INFO: Run LocationTemplate Behavior [ RunTime:0.000625s ]
INFO: [ view_template ] --END-- [ RunTime:0.000773s ]
INFO: [ view_parse ] --START--
INFO: Run ParseTemplate Behavior [ RunTime:0.009492s ]
INFO: [ view_parse ] --END-- [ RunTime:0.009676s ]
INFO: [ view_filter ] --START--
INFO: Run ContentReplace Behavior [ RunTime:0.000668s ]
INFO: Run TokenBuild Behavior [ RunTime:0.000668s ]
INFO: Run WriteHtmlCache Behavior [ RunTime:0.000590s ]
INFO: Run ShowRuntime Behavior [ RunTime:0.000799s ]
INFO: [ view_filter ] --END-- [ RunTime:0.003163s ]
INFO: [ view_end ] --START--
INFO: Run ShowPageTrace Behavior [ RunTime:0.001315s ]
INFO: [ view_end ] --END-- [ RunTime:0.001493s ]

[ 2013-12-19T13:05:55+08:00 ] ERR: (ThinkException) 非法操作:jquery.min
[ 2013-12-19T13:05:56+08:00 ] ERR: (ThinkException) 非法操作:main_ajax_do
[ 2013-12-19T13:05:56+08:00 ] 127.0.0.1 /jujiao/Admin/Products/index
INFO: [ app_begin ] --START--
INFO: Run ReadHtmlCache Behavior [ RunTime:0.000827s ]
INFO: [ app_begin ] --END-- [ RunTime:0.001043s ]
INFO: [ view_template ] --START--
INFO: Run LocationTemplate Behavior [ RunTime:0.000491s ]
INFO: [ view_template ] --END-- [ RunTime:0.000626s ]
INFO: [ view_parse ] --START--
INFO: Run ParseTemplate Behavior [ RunTime:0.008689s ]
INFO: [ view_parse ] --END-- [ RunTime:0.008919s ]
INFO: [ view_filter ] --START--
INFO: Run ContentReplace Behavior [ RunTime:0.000630s ]
INFO: Run TokenBuild Behavior [ RunTime:0.000585s ]
INFO: Run WriteHtmlCache Behavior [ RunTime:0.000397s ]
INFO: Run ShowRuntime Behavior [ RunTime:0.000817s ]
INFO: [ view_filter ] --END-- [ RunTime:0.002837s ]
INFO: [ view_end ] --START--
INFO: Run ShowPageTrace Behavior [ RunTime:0.001333s ]
INFO: [ view_end ] --END-- [ RunTime:0.001520s ]

[ 2013-12-19T13:05:56+08:00 ] ERR: (ThinkException) 非法操作:main_ajax_do
[ 2013-12-19T13:05:56+08:00 ] ERR: (ThinkException) 非法操作:jquery.min
[ 2013-12-19T13:05:56+08:00 ] 127.0.0.1 /jujiao/Admin/Products/index
INFO: [ app_begin ] --START--
INFO: Run ReadHtmlCache Behavior [ RunTime:0.000599s ]
INFO: [ app_begin ] --END-- [ RunTime:0.000697s ]
INFO: [ view_template ] --START--
INFO: Run LocationTemplate Behavior [ RunTime:0.000526s ]
INFO: [ view_template ] --END-- [ RunTime:0.000629s ]
INFO: [ view_parse ] --START--
INFO: Run ParseTemplate Behavior [ RunTime:0.007684s ]
INFO: [ view_parse ] --END-- [ RunTime:0.007823s ]
INFO: [ view_filter ] --START--
INFO: Run ContentReplace Behavior [ RunTime:0.000641s ]
INFO: Run TokenBuild Behavior [ RunTime:0.000685s ]
INFO: Run WriteHtmlCache Behavior [ RunTime:0.000570s ]
INFO: Run ShowRuntime Behavior [ RunTime:0.000571s ]
INFO: [ view_filter ] --END-- [ RunTime:0.002799s ]
INFO: [ view_end ] --START--
INFO: Run ShowPageTrace Behavior [ RunTime:0.000761s ]
INFO: [ view_end ] --END-- [ RunTime:0.000858s ]

[ 2013-12-19T13:05:57+08:00 ] ERR: (ThinkException) 非法操作:main_ajax_do
[ 2013-12-19T13:05:57+08:00 ] ERR: (ThinkException) 非法操作:jquery.min
[ 2013-12-19T13:06:01+08:00 ] 127.0.0.1 /jujiao/Admin/Products/index
INFO: [ app_begin ] --START--
INFO: Run ReadHtmlCache Behavior [ RunTime:0.000558s ]
INFO: [ app_begin ] --END-- [ RunTime:0.000649s ]
INFO: [ view_template ] --START--
INFO: Run LocationTemplate Behavior [ RunTime:0.000387s ]
INFO: [ view_template ] --END-- [ RunTime:0.000484s ]
INFO: [ view_parse ] --START--
INFO: Run ParseTemplate Behavior [ RunTime:0.006494s ]
INFO: [ view_parse ] --END-- [ RunTime:0.006635s ]
INFO: [ view_filter ] --START--
INFO: Run ContentReplace Behavior [ RunTime:0.000550s ]
INFO: Run TokenBuild Behavior [ RunTime:0.000639s ]
INFO: Run WriteHtmlCache Behavior [ RunTime:0.000511s ]
INFO: Run ShowRuntime Behavior [ RunTime:0.000627s ]
INFO: [ view_filter ] --END-- [ RunTime:0.002702s ]
INFO: [ view_end ] --START--
INFO: Run ShowPageTrace Behavior [ RunTime:0.000832s ]
INFO: [ view_end ] --END-- [ RunTime:0.000960s ]

[ 2013-12-19T13:06:01+08:00 ] ERR: (ThinkException) 非法操作:main_ajax_do
[ 2013-12-19T13:06:01+08:00 ] ERR: (ThinkException) 非法操作:jquery.min
[ 2013-12-19T13:07:18+08:00 ] 127.0.0.1 /jujiao/Admin/Products/index
INFO: [ app_begin ] --START--
INFO: Run ReadHtmlCache Behavior [ RunTime:0.000615s ]
INFO: [ app_begin ] --END-- [ RunTime:0.000714s ]
INFO: [ view_template ] --START--
INFO: Run LocationTemplate Behavior [ RunTime:0.000703s ]
INFO: [ view_template ] --END-- [ RunTime:0.000810s ]
INFO: [ view_parse ] --START--
INFO: Run ParseTemplate Behavior [ RunTime:0.007064s ]
INFO: [ view_parse ] --END-- [ RunTime:0.007176s ]
INFO: [ view_filter ] --START--
INFO: Run ContentReplace Behavior [ RunTime:0.000427s ]
INFO: Run TokenBuild Behavior [ RunTime:0.000609s ]
INFO: Run WriteHtmlCache Behavior [ RunTime:0.000356s ]
INFO: Run ShowRuntime Behavior [ RunTime:0.000521s ]
INFO: [ view_filter ] --END-- [ RunTime:0.002178s ]
INFO: [ view_end ] --START--
INFO: Run ShowPageTrace Behavior [ RunTime:0.000723s ]
INFO: [ view_end ] --END-- [ RunTime:0.000821s ]

[ 2013-12-19T13:07:18+08:00 ] ERR: (ThinkException) 非法操作:__root__
[ 2013-12-19T13:07:18+08:00 ] ERR: (ThinkException) 非法操作:jquery.min
[ 2013-12-19T13:20:55+08:00 ] 127.0.0.1 /jujiao/Admin/Products/index
INFO: [ app_begin ] --START--
INFO: Run ReadHtmlCache Behavior [ RunTime:0.000725s ]
INFO: [ app_begin ] --END-- [ RunTime:0.000818s ]
INFO: [ view_template ] --START--
INFO: Run LocationTemplate Behavior [ RunTime:0.000655s ]
INFO: [ view_template ] --END-- [ RunTime:0.000751s ]
INFO: [ view_parse ] --START--
INFO: Run ParseTemplate Behavior [ RunTime:0.007563s ]
INFO: [ view_parse ] --END-- [ RunTime:0.007679s ]
INFO: [ view_filter ] --START--
INFO: Run ContentReplace Behavior [ RunTime:0.000521s ]
INFO: Run TokenBuild Behavior [ RunTime:0.000472s ]
INFO: Run WriteHtmlCache Behavior [ RunTime:0.000377s ]
INFO: Run ShowRuntime Behavior [ RunTime:0.000567s ]
INFO: [ view_filter ] --END-- [ RunTime:0.002188s ]
INFO: [ view_end ] --START--
INFO: Run ShowPageTrace Behavior [ RunTime:0.000701s ]
INFO: [ view_end ] --END-- [ RunTime:0.000788s ]

[ 2013-12-19T13:20:55+08:00 ] ERR: (ThinkException) 非法操作:__root__
[ 2013-12-19T13:20:55+08:00 ] ERR: (ThinkException) 非法操作:jquery.min
[ 2013-12-19T13:21:15+08:00 ] 127.0.0.1 /jujiao/Admin/Products/index
INFO: [ app_begin ] --START--
INFO: Run ReadHtmlCache Behavior [ RunTime:0.000716s ]
INFO: [ app_begin ] --END-- [ RunTime:0.000830s ]
INFO: [ view_template ] --START--
INFO: Run LocationTemplate Behavior [ RunTime:0.000624s ]
INFO: [ view_template ] --END-- [ RunTime:0.000743s ]
INFO: [ view_parse ] --START--
INFO: Run ParseTemplate Behavior [ RunTime:0.008757s ]
INFO: [ view_parse ] --END-- [ RunTime:0.008914s ]
INFO: [ view_filter ] --START--
INFO: Run ContentReplace Behavior [ RunTime:0.000563s ]
INFO: Run TokenBuild Behavior [ RunTime:0.000807s ]
INFO: Run WriteHtmlCache Behavior [ RunTime:0.000490s ]
INFO: Run ShowRuntime Behavior [ RunTime:0.000689s ]
INFO: [ view_filter ] --END-- [ RunTime:0.002965s ]
INFO: [ view_end ] --START--
INFO: Run ShowPageTrace Behavior [ RunTime:0.000755s ]
INFO: [ view_end ] --END-- [ RunTime:0.000858s ]

[ 2013-12-19T13:21:16+08:00 ] ERR: (ThinkException) 非法操作:__root__
[ 2013-12-19T13:21:16+08:00 ] ERR: (ThinkException) 非法操作:jquery.min
[ 2013-12-19T13:22:26+08:00 ] 127.0.0.1 /jujiao/Admin/Products
INFO: [ app_begin ] --START--
INFO: Run ReadHtmlCache Behavior [ RunTime:0.001053s ]
INFO: [ app_begin ] --END-- [ RunTime:0.001232s ]
INFO: [ view_template ] --START--
INFO: Run LocationTemplate Behavior [ RunTime:0.000709s ]
INFO: [ view_template ] --END-- [ RunTime:0.000876s ]
INFO: [ view_parse ] --START--
INFO: Run ParseTemplate Behavior [ RunTime:0.007113s ]
INFO: [ view_parse ] --END-- [ RunTime:0.007275s ]
INFO: [ view_filter ] --START--
INFO: Run ContentReplace Behavior [ RunTime:0.000537s ]
INFO: Run TokenBuild Behavior [ RunTime:0.000636s ]
INFO: Run WriteHtmlCache Behavior [ RunTime:0.000491s ]
INFO: Run ShowRuntime Behavior [ RunTime:0.000662s ]
INFO: [ view_filter ] --END-- [ RunTime:0.002730s ]
INFO: [ view_end ] --START--
INFO: Run ShowPageTrace Behavior [ RunTime:0.000775s ]
INFO: [ view_end ] --END-- [ RunTime:0.000902s ]

[ 2013-12-19T13:22:26+08:00 ] ERR: (ThinkException) 非法操作:__root__
[ 2013-12-19T13:22:26+08:00 ] ERR: (ThinkException) 非法操作:jquery.min
[ 2013-12-19T13:28:41+08:00 ] 127.0.0.1 /jujiao/Admin/Products
INFO: [ app_begin ] --START--
INFO: Run ReadHtmlCache Behavior [ RunTime:0.000653s ]
INFO: [ app_begin ] --END-- [ RunTime:0.000749s ]
INFO: [ view_template ] --START--
INFO: Run LocationTemplate Behavior [ RunTime:0.000709s ]
INFO: [ view_template ] --END-- [ RunTime:0.000807s ]
INFO: [ view_parse ] --START--
NOTIC: [8] Undefined offset: 1 E:\wamp\www\jujiao\ThinkPHP\Lib\Driver\TagLib\TagLibCx.class.php 第 524 行.
INFO: Run ParseTemplate Behavior [ RunTime:0.007891s ]
INFO: [ view_parse ] --END-- [ RunTime:0.007996s ]
INFO: [ view_filter ] --START--
INFO: Run ContentReplace Behavior [ RunTime:0.000508s ]
INFO: Run TokenBuild Behavior [ RunTime:0.000531s ]
INFO: Run WriteHtmlCache Behavior [ RunTime:0.000383s ]
INFO: Run ShowRuntime Behavior [ RunTime:0.000571s ]
INFO: [ view_filter ] --END-- [ RunTime:0.002263s ]
INFO: [ view_end ] --START--
INFO: Run ShowPageTrace Behavior [ RunTime:0.000783s ]
INFO: [ view_end ] --END-- [ RunTime:0.000877s ]

[ 2013-12-19T13:28:41+08:00 ] ERR: (ThinkException) 无法加载模块:Public
[ 2013-12-19T13:28:41+08:00 ] ERR: (ThinkException) 非法操作:jquery.min
[ 2013-12-19T13:28:54+08:00 ] 127.0.0.1 /jujiao/Admin/Products
INFO: [ app_begin ] --START--
INFO: Run ReadHtmlCache Behavior [ RunTime:0.000644s ]
INFO: [ app_begin ] --END-- [ RunTime:0.000741s ]
INFO: [ view_template ] --START--
INFO: Run LocationTemplate Behavior [ RunTime:0.000629s ]
INFO: [ view_template ] --END-- [ RunTime:0.000725s ]
INFO: [ view_parse ] --START--
NOTIC: [8] Undefined offset: 1 E:\wamp\www\jujiao\ThinkPHP\Lib\Driver\TagLib\TagLibCx.class.php 第 524 行.
INFO: Run ParseTemplate Behavior [ RunTime:0.036899s ]
INFO: [ view_parse ] --END-- [ RunTime:0.037023s ]
INFO: [ view_filter ] --START--
INFO: Run ContentReplace Behavior [ RunTime:0.000464s ]
INFO: Run TokenBuild Behavior [ RunTime:0.000633s ]
INFO: Run WriteHtmlCache Behavior [ RunTime:0.000280s ]
INFO: Run ShowRuntime Behavior [ RunTime:0.000536s ]
INFO: [ view_filter ] --END-- [ RunTime:0.002163s ]
INFO: [ view_end ] --START--
INFO: Run ShowPageTrace Behavior [ RunTime:0.000840s ]
INFO: [ view_end ] --END-- [ RunTime:0.000948s ]

[ 2013-12-19T13:28:54+08:00 ] ERR: (ThinkException) 无法加载模块:Public
[ 2013-12-19T13:28:55+08:00 ] ERR: (ThinkException) 非法操作:jquery.min
[ 2013-12-19T13:35:46+08:00 ] 127.0.0.1 /jujiao/Admin/Products
INFO: [ app_begin ] --START--
INFO: Run ReadHtmlCache Behavior [ RunTime:0.000626s ]
INFO: [ app_begin ] --END-- [ RunTime:0.000721s ]
INFO: [ view_template ] --START--
INFO: Run LocationTemplate Behavior [ RunTime:0.000647s ]
INFO: [ view_template ] --END-- [ RunTime:0.000737s ]
INFO: [ view_parse ] --START--
NOTIC: [8] Undefined offset: 1 E:\wamp\www\jujiao\ThinkPHP\Lib\Driver\TagLib\TagLibCx.class.php 第 524 行.
INFO: Run ParseTemplate Behavior [ RunTime:0.008015s ]
INFO: [ view_parse ] --END-- [ RunTime:0.008114s ]
INFO: [ view_filter ] --START--
INFO: Run ContentReplace Behavior [ RunTime:0.000492s ]
INFO: Run TokenBuild Behavior [ RunTime:0.000517s ]
INFO: Run WriteHtmlCache Behavior [ RunTime:0.000472s ]
INFO: Run ShowRuntime Behavior [ RunTime:0.000576s ]
INFO: [ view_filter ] --END-- [ RunTime:0.002320s ]
INFO: [ view_end ] --START--
INFO: Run ShowPageTrace Behavior [ RunTime:0.000875s ]
INFO: [ view_end ] --END-- [ RunTime:0.001203s ]

[ 2013-12-19T13:35:46+08:00 ] ERR: (ThinkException) 无法加载模块:Public
[ 2013-12-19T13:35:46+08:00 ] ERR: (ThinkException) 非法操作:jquery.min
[ 2013-12-19T13:37:07+08:00 ] 127.0.0.1 /jujiao/Admin/Products
INFO: [ app_begin ] --START--
INFO: Run ReadHtmlCache Behavior [ RunTime:0.000657s ]
INFO: [ app_begin ] --END-- [ RunTime:0.000759s ]
INFO: [ view_template ] --START--
INFO: Run LocationTemplate Behavior [ RunTime:0.000461s ]
INFO: [ view_template ] --END-- [ RunTime:0.000561s ]
INFO: [ view_parse ] --START--
INFO: Run ParseTemplate Behavior [ RunTime:0.007581s ]
INFO: [ view_parse ] --END-- [ RunTime:0.007705s ]
INFO: [ view_filter ] --START--
INFO: Run ContentReplace Behavior [ RunTime:0.000466s ]
INFO: Run TokenBuild Behavior [ RunTime:0.000528s ]
INFO: Run WriteHtmlCache Behavior [ RunTime:0.000381s ]
INFO: Run ShowRuntime Behavior [ RunTime:0.000525s ]
INFO: [ view_filter ] --END-- [ RunTime:0.002158s ]
INFO: [ view_end ] --START--
INFO: Run ShowPageTrace Behavior [ RunTime:0.000701s ]
INFO: [ view_end ] --END-- [ RunTime:0.000793s ]

[ 2013-12-19T13:37:07+08:00 ] ERR: (ThinkException) 非法操作:__root__
[ 2013-12-19T13:37:07+08:00 ] ERR: (ThinkException) 非法操作:jquery.min
[ 2013-12-19T13:39:08+08:00 ] 127.0.0.1 /jujiao/Admin/Products
INFO: [ app_begin ] --START--
INFO: Run ReadHtmlCache Behavior [ RunTime:0.000750s ]
INFO: [ app_begin ] --END-- [ RunTime:0.000863s ]
INFO: [ view_template ] --START--
INFO: Run LocationTemplate Behavior [ RunTime:0.000804s ]
INFO: [ view_template ] --END-- [ RunTime:0.000920s ]
INFO: [ view_parse ] --START--
INFO: Run ParseTemplate Behavior [ RunTime:0.011331s ]
INFO: [ view_parse ] --END-- [ RunTime:0.011452s ]
INFO: [ view_filter ] --START--
INFO: Run ContentReplace Behavior [ RunTime:0.000564s ]
INFO: Run TokenBuild Behavior [ RunTime:0.000550s ]
INFO: Run WriteHtmlCache Behavior [ RunTime:0.000387s ]
INFO: Run ShowRuntime Behavior [ RunTime:0.000614s ]
INFO: [ view_filter ] --END-- [ RunTime:0.002395s ]
INFO: [ view_end ] --START--
INFO: Run ShowPageTrace Behavior [ RunTime:0.000872s ]
INFO: [ view_end ] --END-- [ RunTime:0.000975s ]

[ 2013-12-19T13:39:08+08:00 ] ERR: (ThinkException) 非法操作:jquery.min
[ 2013-12-19T13:51:22+08:00 ] 127.0.0.1 /jujiao/Admin/Products
INFO: [ app_begin ] --START--
INFO: Run ReadHtmlCache Behavior [ RunTime:0.000596s ]
INFO: [ app_begin ] --END-- [ RunTime:0.000689s ]
INFO: [ view_template ] --START--
INFO: Run LocationTemplate Behavior [ RunTime:0.000517s ]
INFO: [ view_template ] --END-- [ RunTime:0.000612s ]
INFO: [ view_parse ] --START--
INFO: Run ParseTemplate Behavior [ RunTime:0.007393s ]
INFO: [ view_parse ] --END-- [ RunTime:0.007501s ]
INFO: [ view_filter ] --START--
INFO: Run ContentReplace Behavior [ RunTime:0.000422s ]
INFO: Run TokenBuild Behavior [ RunTime:0.000514s ]
INFO: Run WriteHtmlCache Behavior [ RunTime:0.000354s ]
INFO: Run ShowRuntime Behavior [ RunTime:0.000519s ]
INFO: [ view_filter ] --END-- [ RunTime:0.002194s ]
INFO: [ view_end ] --START--
INFO: Run ShowPageTrace Behavior [ RunTime:0.000788s ]
INFO: [ view_end ] --END-- [ RunTime:0.000884s ]

[ 2013-12-19T13:51:22+08:00 ] ERR: (ThinkException) 非法操作:jquery.min
[ 2013-12-19T13:53:11+08:00 ] 127.0.0.1 /jujiao/Admin/Products
INFO: [ app_begin ] --START--
INFO: Run ReadHtmlCache Behavior [ RunTime:0.000566s ]
INFO: [ app_begin ] --END-- [ RunTime:0.000660s ]
INFO: [ view_template ] --START--
INFO: Run LocationTemplate Behavior [ RunTime:0.000512s ]
INFO: [ view_template ] --END-- [ RunTime:0.000609s ]
INFO: [ view_parse ] --START--
INFO: Run ParseTemplate Behavior [ RunTime:0.007197s ]
INFO: [ view_parse ] --END-- [ RunTime:0.007304s ]
INFO: [ view_filter ] --START--
INFO: Run ContentReplace Behavior [ RunTime:0.000418s ]
INFO: Run TokenBuild Behavior [ RunTime:0.000515s ]
INFO: Run WriteHtmlCache Behavior [ RunTime:0.000356s ]
INFO: Run ShowRuntime Behavior [ RunTime:0.000521s ]
INFO: [ view_filter ] --END-- [ RunTime:0.002068s ]
INFO: [ view_end ] --START--
INFO: Run ShowPageTrace Behavior [ RunTime:0.000700s ]
INFO: [ view_end ] --END-- [ RunTime:0.000792s ]

[ 2013-12-19T13:53:11+08:00 ] 127.0.0.1 /jujiao/Admin/Products/ajaxDo
INFO: [ app_begin ] --START--
INFO: Run ReadHtmlCache Behavior [ RunTime:0.000913s ]
INFO: [ app_begin ] --END-- [ RunTime:0.001048s ]
NOTIC: [8] Constant COMMON_PATH already defined E:\wamp\www\jujiao\App\Lib\Action\Admin\common.inc.php 第 8 行.

[ 2013-12-19T13:53:11+08:00 ] ERR: (ThinkException) 非法操作:jquery.min
[ 2013-12-19T13:54:30+08:00 ] 127.0.0.1 /jujiao/Admin/Products
INFO: [ app_begin ] --START--
INFO: Run ReadHtmlCache Behavior [ RunTime:0.000613s ]
INFO: [ app_begin ] --END-- [ RunTime:0.000706s ]
INFO: [ view_template ] --START--
INFO: Run LocationTemplate Behavior [ RunTime:0.000665s ]
INFO: [ view_template ] --END-- [ RunTime:0.000759s ]
INFO: [ view_parse ] --START--
INFO: Run ParseTemplate Behavior [ RunTime:0.007618s ]
INFO: [ view_parse ] --END-- [ RunTime:0.007727s ]
INFO: [ view_filter ] --START--
INFO: Run ContentReplace Behavior [ RunTime:0.000494s ]
INFO: Run TokenBuild Behavior [ RunTime:0.000520s ]
INFO: Run WriteHtmlCache Behavior [ RunTime:0.000377s ]
INFO: Run ShowRuntime Behavior [ RunTime:0.000570s ]
INFO: [ view_filter ] --END-- [ RunTime:0.002209s ]
INFO: [ view_end ] --START--
INFO: Run ShowPageTrace Behavior [ RunTime:0.000729s ]
INFO: [ view_end ] --END-- [ RunTime:0.000823s ]

[ 2013-12-19T13:54:31+08:00 ] 127.0.0.1 /jujiao/Admin/Products/ajaxDo
INFO: [ app_begin ] --START--
INFO: Run ReadHtmlCache Behavior [ RunTime:0.000606s ]
INFO: [ app_begin ] --END-- [ RunTime:0.000722s ]
NOTIC: [8] Constant COMMON_PATH already defined E:\wamp\www\jujiao\App\Lib\Action\Admin\common.inc.php 第 8 行.

[ 2013-12-19T13:54:31+08:00 ] ERR: (ThinkException) 非法操作:jquery.min
[ 2013-12-19T13:54:33+08:00 ] 127.0.0.1 /jujiao/Admin/Products
INFO: [ app_begin ] --START--
INFO: Run ReadHtmlCache Behavior [ RunTime:0.000770s ]
INFO: [ app_begin ] --END-- [ RunTime:0.000883s ]
INFO: [ view_template ] --START--
INFO: Run LocationTemplate Behavior [ RunTime:0.000815s ]
INFO: [ view_template ] --END-- [ RunTime:0.000929s ]
INFO: [ view_parse ] --START--
INFO: Run ParseTemplate Behavior [ RunTime:0.008903s ]
INFO: [ view_parse ] --END-- [ RunTime:0.009019s ]
INFO: [ view_filter ] --START--
INFO: Run ContentReplace Behavior [ RunTime:0.000530s ]
INFO: Run TokenBuild Behavior [ RunTime:0.000536s ]
INFO: Run WriteHtmlCache Behavior [ RunTime:0.000386s ]
INFO: Run ShowRuntime Behavior [ RunTime:0.000590s ]
INFO: [ view_filter ] --END-- [ RunTime:0.002307s ]
INFO: [ view_end ] --START--
INFO: Run ShowPageTrace Behavior [ RunTime:0.000747s ]
INFO: [ view_end ] --END-- [ RunTime:0.000842s ]

[ 2013-12-19T13:54:33+08:00 ] 127.0.0.1 /jujiao/Admin/Products/ajaxDo
INFO: [ app_begin ] --START--
INFO: Run ReadHtmlCache Behavior [ RunTime:0.000607s ]
INFO: [ app_begin ] --END-- [ RunTime:0.000712s ]
NOTIC: [8] Constant COMMON_PATH already defined E:\wamp\www\jujiao\App\Lib\Action\Admin\common.inc.php 第 8 行.

[ 2013-12-19T13:54:33+08:00 ] ERR: (ThinkException) 非法操作:jquery.min
[ 2013-12-19T13:54:33+08:00 ] 127.0.0.1 /jujiao/Admin/Products
INFO: [ app_begin ] --START--
INFO: Run ReadHtmlCache Behavior [ RunTime:0.000564s ]
INFO: [ app_begin ] --END-- [ RunTime:0.000653s ]
INFO: [ view_template ] --START--
INFO: Run LocationTemplate Behavior [ RunTime:0.000468s ]
INFO: [ view_template ] --END-- [ RunTime:0.000607s ]
INFO: [ view_parse ] --START--
INFO: Run ParseTemplate Behavior [ RunTime:0.009661s ]
INFO: [ view_parse ] --END-- [ RunTime:0.009886s ]
INFO: [ view_filter ] --START--
INFO: Run ContentReplace Behavior [ RunTime:0.000731s ]
INFO: Run TokenBuild Behavior [ RunTime:0.000826s ]
INFO: Run WriteHtmlCache Behavior [ RunTime:0.000645s ]
INFO: Run ShowRuntime Behavior [ RunTime:0.000804s ]
INFO: [ view_filter ] --END-- [ RunTime:0.003455s ]
INFO: [ view_end ] --START--
INFO: Run ShowPageTrace Behavior [ RunTime:0.001147s ]
INFO: [ view_end ] --END-- [ RunTime:0.001315s ]

[ 2013-12-19T13:54:33+08:00 ] 127.0.0.1 /jujiao/Admin/Products/ajaxDo
INFO: [ app_begin ] --START--
INFO: Run ReadHtmlCache Behavior [ RunTime:0.000589s ]
INFO: [ app_begin ] --END-- [ RunTime:0.000691s ]
NOTIC: [8] Constant COMMON_PATH already defined E:\wamp\www\jujiao\App\Lib\Action\Admin\common.inc.php 第 8 行.

[ 2013-12-19T13:54:33+08:00 ] ERR: (ThinkException) 非法操作:jquery.min
[ 2013-12-19T13:54:33+08:00 ] 127.0.0.1 /jujiao/Admin/Products
INFO: [ app_begin ] --START--
INFO: Run ReadHtmlCache Behavior [ RunTime:0.000933s ]
INFO: [ app_begin ] --END-- [ RunTime:0.001120s ]
INFO: [ view_template ] --START--
INFO: Run LocationTemplate Behavior [ RunTime:0.001366s ]
INFO: [ view_template ] --END-- [ RunTime:0.001567s ]
INFO: [ view_parse ] --START--
INFO: Run ParseTemplate Behavior [ RunTime:0.007511s ]
INFO: [ view_parse ] --END-- [ RunTime:0.007623s ]
INFO: [ view_filter ] --START--
INFO: Run ContentReplace Behavior [ RunTime:0.000646s ]
INFO: Run TokenBuild Behavior [ RunTime:0.000480s ]
INFO: Run WriteHtmlCache Behavior [ RunTime:0.000394s ]
INFO: Run ShowRuntime Behavior [ RunTime:0.000574s ]
INFO: [ view_filter ] --END-- [ RunTime:0.002404s ]
INFO: [ view_end ] --START--
INFO: Run ShowPageTrace Behavior [ RunTime:0.000751s ]
INFO: [ view_end ] --END-- [ RunTime:0.000843s ]

[ 2013-12-19T13:54:34+08:00 ] 127.0.0.1 /jujiao/Admin/Products/ajaxDo
INFO: [ app_begin ] --START--
INFO: Run ReadHtmlCache Behavior [ RunTime:0.000683s ]
INFO: [ app_begin ] --END-- [ RunTime:0.000786s ]
NOTIC: [8] Constant COMMON_PATH already defined E:\wamp\www\jujiao\App\Lib\Action\Admin\common.inc.php 第 8 行.

[ 2013-12-19T13:54:34+08:00 ] ERR: (ThinkException) 非法操作:jquery.min
[ 2013-12-19T13:55:25+08:00 ] 127.0.0.1 /jujiao/Admin/Products
INFO: [ app_begin ] --START--
INFO: Run ReadHtmlCache Behavior [ RunTime:0.000689s ]
INFO: [ app_begin ] --END-- [ RunTime:0.000803s ]
INFO: [ view_template ] --START--
INFO: Run LocationTemplate Behavior [ RunTime:0.000567s ]
INFO: [ view_template ] --END-- [ RunTime:0.000681s ]
INFO: [ view_parse ] --START--
INFO: Run ParseTemplate Behavior [ RunTime:0.010842s ]
INFO: [ view_parse ] --END-- [ RunTime:0.010995s ]
INFO: [ view_filter ] --START--
INFO: Run ContentReplace Behavior [ RunTime:0.000537s ]
INFO: Run TokenBuild Behavior [ RunTime:0.000712s ]
INFO: Run WriteHtmlCache Behavior [ RunTime:0.000453s ]
INFO: Run ShowRuntime Behavior [ RunTime:0.000708s ]
INFO: [ view_filter ] --END-- [ RunTime:0.002730s ]
INFO: [ view_end ] --START--
INFO: Run ShowPageTrace Behavior [ RunTime:0.000724s ]
INFO: [ view_end ] --END-- [ RunTime:0.000818s ]

[ 2013-12-19T13:55:26+08:00 ] 127.0.0.1 /jujiao/Admin/Products/ajaxDo
INFO: [ app_begin ] --START--
INFO: Run ReadHtmlCache Behavior [ RunTime:0.000871s ]
INFO: [ app_begin ] --END-- [ RunTime:0.001037s ]
NOTIC: [8] Constant COMMON_PATH already defined E:\wamp\www\jujiao\App\Lib\Action\Admin\common.inc.php 第 8 行.

[ 2013-12-19T13:55:26+08:00 ] ERR: (ThinkException) 非法操作:jquery.min
[ 2013-12-19T13:55:27+08:00 ] 127.0.0.1 /jujiao/Admin/Products
INFO: [ app_begin ] --START--
INFO: Run ReadHtmlCache Behavior [ RunTime:0.000603s ]
INFO: [ app_begin ] --END-- [ RunTime:0.000702s ]
INFO: [ view_template ] --START--
INFO: Run LocationTemplate Behavior [ RunTime:0.000377s ]
INFO: [ view_template ] --END-- [ RunTime:0.000470s ]
INFO: [ view_parse ] --START--
INFO: Run ParseTemplate Behavior [ RunTime:0.007007s ]
INFO: [ view_parse ] --END-- [ RunTime:0.007121s ]
INFO: [ view_filter ] --START--
INFO: Run ContentReplace Behavior [ RunTime:0.000447s ]
INFO: Run TokenBuild Behavior [ RunTime:0.000417s ]
INFO: Run WriteHtmlCache Behavior [ RunTime:0.000376s ]
INFO: Run ShowRuntime Behavior [ RunTime:0.000510s ]
INFO: [ view_filter ] --END-- [ RunTime:0.002006s ]
INFO: [ view_end ] --START--
INFO: Run ShowPageTrace Behavior [ RunTime:0.000724s ]
INFO: [ view_end ] --END-- [ RunTime:0.000818s ]

[ 2013-12-19T13:55:27+08:00 ] 127.0.0.1 /jujiao/Admin/Products/ajaxDo
INFO: [ app_begin ] --START--
INFO: Run ReadHtmlCache Behavior [ RunTime:0.000568s ]
INFO: [ app_begin ] --END-- [ RunTime:0.000667s ]
NOTIC: [8] Constant COMMON_PATH already defined E:\wamp\www\jujiao\App\Lib\Action\Admin\common.inc.php 第 8 行.

[ 2013-12-19T13:55:27+08:00 ] ERR: (ThinkException) 非法操作:jquery.min
[ 2013-12-19T13:55:51+08:00 ] 127.0.0.1 /jujiao/Admin/Products
INFO: [ app_begin ] --START--
INFO: Run ReadHtmlCache Behavior [ RunTime:0.000560s ]
INFO: [ app_begin ] --END-- [ RunTime:0.000657s ]
INFO: [ view_template ] --START--
INFO: Run LocationTemplate Behavior [ RunTime:0.000503s ]
INFO: [ view_template ] --END-- [ RunTime:0.000608s ]
INFO: [ view_parse ] --START--
INFO: Run ParseTemplate Behavior [ RunTime:0.007219s ]
INFO: [ view_parse ] --END-- [ RunTime:0.007334s ]
INFO: [ view_filter ] --START--
INFO: Run ContentReplace Behavior [ RunTime:0.000526s ]
INFO: Run TokenBuild Behavior [ RunTime:0.000534s ]
INFO: Run WriteHtmlCache Behavior [ RunTime:0.000354s ]
INFO: Run ShowRuntime Behavior [ RunTime:0.000521s ]
INFO: [ view_filter ] --END-- [ RunTime:0.002199s ]
INFO: [ view_end ] --START--
INFO: Run ShowPageTrace Behavior [ RunTime:0.000707s ]
INFO: [ view_end ] --END-- [ RunTime:0.000799s ]

[ 2013-12-19T13:55:51+08:00 ] ERR: (ThinkException) 非法操作:jquery.min
[ 2013-12-19T14:08:35+08:00 ] 127.0.0.1 /jujiao/Admin/Products
INFO: [ app_begin ] --START--
INFO: Run ReadHtmlCache Behavior [ RunTime:0.000661s ]
INFO: [ app_begin ] --END-- [ RunTime:0.000755s ]
INFO: [ view_template ] --START--
INFO: Run LocationTemplate Behavior [ RunTime:0.000657s ]
INFO: [ view_template ] --END-- [ RunTime:0.000751s ]
INFO: [ view_parse ] --START--
INFO: Run ParseTemplate Behavior [ RunTime:0.007495s ]
INFO: [ view_parse ] --END-- [ RunTime:0.007654s ]
INFO: [ view_filter ] --START--
INFO: Run ContentReplace Behavior [ RunTime:0.000651s ]
INFO: Run TokenBuild Behavior [ RunTime:0.000520s ]
INFO: Run WriteHtmlCache Behavior [ RunTime:0.000396s ]
INFO: Run ShowRuntime Behavior [ RunTime:0.000577s ]
INFO: [ view_filter ] --END-- [ RunTime:0.002415s ]
INFO: [ view_end ] --START--
INFO: Run ShowPageTrace Behavior [ RunTime:0.000962s ]
INFO: [ view_end ] --END-- [ RunTime:0.001160s ]

[ 2013-12-19T14:08:35+08:00 ] ERR: (ThinkException) 非法操作:jquery.min
[ 2013-12-19T14:08:36+08:00 ] 127.0.0.1 /jujiao/Admin/Products
INFO: [ app_begin ] --START--
INFO: Run ReadHtmlCache Behavior [ RunTime:0.000796s ]
INFO: [ app_begin ] --END-- [ RunTime:0.000927s ]
INFO: [ view_template ] --START--
INFO: Run LocationTemplate Behavior [ RunTime:0.000952s ]
INFO: [ view_template ] --END-- [ RunTime:0.001093s ]
INFO: [ view_parse ] --START--
INFO: Run ParseTemplate Behavior [ RunTime:0.010563s ]
INFO: [ view_parse ] --END-- [ RunTime:0.010697s ]
INFO: [ view_filter ] --START--
INFO: Run ContentReplace Behavior [ RunTime:0.000511s ]
INFO: Run TokenBuild Behavior [ RunTime:0.000534s ]
INFO: Run WriteHtmlCache Behavior [ RunTime:0.000401s ]
INFO: Run ShowRuntime Behavior [ RunTime:0.000593s ]
INFO: [ view_filter ] --END-- [ RunTime:0.002306s ]
INFO: [ view_end ] --START--
INFO: Run ShowPageTrace Behavior [ RunTime:0.000723s ]
INFO: [ view_end ] --END-- [ RunTime:0.000812s ]

[ 2013-12-19T14:08:37+08:00 ] ERR: (ThinkException) 非法操作:jquery.min
[ 2013-12-19T14:08:37+08:00 ] 127.0.0.1 /jujiao/Admin/Products
INFO: [ app_begin ] --START--
INFO: Run ReadHtmlCache Behavior [ RunTime:0.001064s ]
INFO: [ app_begin ] --END-- [ RunTime:0.001242s ]
INFO: [ view_template ] --START--
INFO: Run LocationTemplate Behavior [ RunTime:0.000804s ]
INFO: [ view_template ] --END-- [ RunTime:0.000991s ]
INFO: [ view_parse ] --START--
INFO: Run ParseTemplate Behavior [ RunTime:0.009512s ]
INFO: [ view_parse ] --END-- [ RunTime:0.009683s ]
INFO: [ view_filter ] --START--
INFO: Run ContentReplace Behavior [ RunTime:0.000471s ]
INFO: Run TokenBuild Behavior [ RunTime:0.000526s ]
INFO: Run WriteHtmlCache Behavior [ RunTime:0.000362s ]
INFO: Run ShowRuntime Behavior [ RunTime:0.000546s ]
INFO: [ view_filter ] --END-- [ RunTime:0.002173s ]
INFO: [ view_end ] --START--
INFO: Run ShowPageTrace Behavior [ RunTime:0.000807s ]
INFO: [ view_end ] --END-- [ RunTime:0.000937s ]

[ 2013-12-19T14:08:37+08:00 ] ERR: (ThinkException) 非法操作:jquery.min
[ 2013-12-19T14:08:37+08:00 ] 127.0.0.1 /jujiao/Admin/Products
INFO: [ app_begin ] --START--
INFO: Run ReadHtmlCache Behavior [ RunTime:0.001021s ]
INFO: [ app_begin ] --END-- [ RunTime:0.001156s ]
INFO: [ view_template ] --START--
INFO: Run LocationTemplate Behavior [ RunTime:0.000880s ]
INFO: [ view_template ] --END-- [ RunTime:0.001022s ]
INFO: [ view_parse ] --START--
INFO: Run ParseTemplate Behavior [ RunTime:0.008042s ]
INFO: [ view_parse ] --END-- [ RunTime:0.008166s ]
INFO: [ view_filter ] --START--
INFO: Run ContentReplace Behavior [ RunTime:0.000523s ]
INFO: Run TokenBuild Behavior [ RunTime:0.000499s ]
INFO: Run WriteHtmlCache Behavior [ RunTime:0.000401s ]
INFO: Run ShowRuntime Behavior [ RunTime:0.000574s ]
INFO: [ view_filter ] --END-- [ RunTime:0.002247s ]
INFO: [ view_end ] --START--
INFO: Run ShowPageTrace Behavior [ RunTime:0.000699s ]
INFO: [ view_end ] --END-- [ RunTime:0.000794s ]

[ 2013-12-19T14:08:37+08:00 ] ERR: (ThinkException) 非法操作:jquery.min
[ 2013-12-19T14:08:37+08:00 ] 127.0.0.1 /jujiao/Admin/Products
INFO: [ app_begin ] --START--
INFO: Run ReadHtmlCache Behavior [ RunTime:0.000918s ]
INFO: [ app_begin ] --END-- [ RunTime:0.001053s ]
INFO: [ view_template ] --START--
INFO: Run LocationTemplate Behavior [ RunTime:0.000596s ]
INFO: [ view_template ] --END-- [ RunTime:0.000772s ]
INFO: [ view_parse ] --START--
INFO: Run ParseTemplate Behavior [ RunTime:0.007762s ]
INFO: [ view_parse ] --END-- [ RunTime:0.007904s ]
INFO: [ view_filter ] --START--
INFO: Run ContentReplace Behavior [ RunTime:0.000452s ]
INFO: Run TokenBuild Behavior [ RunTime:0.000408s ]
INFO: Run WriteHtmlCache Behavior [ RunTime:0.000366s ]
INFO: Run ShowRuntime Behavior [ RunTime:0.000505s ]
INFO: [ view_filter ] --END-- [ RunTime:0.001984s ]
INFO: [ view_end ] --START--
INFO: Run ShowPageTrace Behavior [ RunTime:0.000726s ]
INFO: [ view_end ] --END-- [ RunTime:0.000834s ]

[ 2013-12-19T14:08:37+08:00 ] ERR: (ThinkException) 非法操作:jquery.min
[ 2013-12-19T14:33:47+08:00 ] 127.0.0.1 /jujiao/Admin/Products
INFO: [ app_begin ] --START--
INFO: Run ReadHtmlCache Behavior [ RunTime:0.000634s ]
INFO: [ app_begin ] --END-- [ RunTime:0.000726s ]
INFO: [ view_template ] --START--
INFO: Run LocationTemplate Behavior [ RunTime:0.000756s ]
INFO: [ view_template ] --END-- [ RunTime:0.000859s ]
INFO: [ view_parse ] --START--
INFO: Run ParseTemplate Behavior [ RunTime:0.007542s ]
INFO: [ view_parse ] --END-- [ RunTime:0.007645s ]
INFO: [ view_filter ] --START--
INFO: Run ContentReplace Behavior [ RunTime:0.000472s ]
INFO: Run TokenBuild Behavior [ RunTime:0.000504s ]
INFO: Run WriteHtmlCache Behavior [ RunTime:0.000369s ]
INFO: Run ShowRuntime Behavior [ RunTime:0.000556s ]
INFO: [ view_filter ] --END-- [ RunTime:0.002134s ]
INFO: [ view_end ] --START--
INFO: Run ShowPageTrace Behavior [ RunTime:0.000773s ]
INFO: [ view_end ] --END-- [ RunTime:0.000860s ]

[ 2013-12-19T14:33:48+08:00 ] ERR: (ThinkException) 非法操作:jquery.min
[ 2013-12-19T14:36:43+08:00 ] 127.0.0.1 /jujiao/Admin/Products
INFO: [ app_begin ] --START--
INFO: Run ReadHtmlCache Behavior [ RunTime:0.000603s ]
INFO: [ app_begin ] --END-- [ RunTime:0.000702s ]
INFO: [ view_template ] --START--
INFO: Run LocationTemplate Behavior [ RunTime:0.000891s ]
INFO: [ view_template ] --END-- [ RunTime:0.001055s ]
INFO: [ view_parse ] --START--
INFO: Run ParseTemplate Behavior [ RunTime:0.007447s ]
INFO: [ view_parse ] --END-- [ RunTime:0.007571s ]
INFO: [ view_filter ] --START--
INFO: Run ContentReplace Behavior [ RunTime:0.000461s ]
INFO: Run TokenBuild Behavior [ RunTime:0.000424s ]
INFO: Run WriteHtmlCache Behavior [ RunTime:0.000377s ]
INFO: Run ShowRuntime Behavior [ RunTime:0.000506s ]
INFO: [ view_filter ] --END-- [ RunTime:0.002030s ]
INFO: [ view_end ] --START--
INFO: Run ShowPageTrace Behavior [ RunTime:0.000742s ]
INFO: [ view_end ] --END-- [ RunTime:0.000838s ]

[ 2013-12-19T14:36:43+08:00 ] ERR: (ThinkException) 非法操作:jquery.min
[ 2013-12-19T16:01:16+08:00 ] ERR: (ThinkException) 无法加载模块:Public
[ 2013-12-19T16:03:13+08:00 ] 127.0.0.1 /jujiao/Admin/Products
INFO: [ app_begin ] --START--
INFO: Run ReadHtmlCache Behavior [ RunTime:0.000906s ]
INFO: [ app_begin ] --END-- [ RunTime:0.001018s ]
INFO: [ view_template ] --START--
INFO: Run LocationTemplate Behavior [ RunTime:0.000924s ]
INFO: [ view_template ] --END-- [ RunTime:0.001027s ]
INFO: [ view_parse ] --START--
INFO: Run ParseTemplate Behavior [ RunTime:0.008660s ]
INFO: [ view_parse ] --END-- [ RunTime:0.008774s ]
INFO: [ view_filter ] --START--
INFO: Run ContentReplace Behavior [ RunTime:0.000664s ]
INFO: Run TokenBuild Behavior [ RunTime:0.000641s ]
INFO: Run WriteHtmlCache Behavior [ RunTime:0.000490s ]
INFO: Run ShowRuntime Behavior [ RunTime:0.000724s ]
INFO: [ view_filter ] --END-- [ RunTime:0.002783s ]
INFO: [ view_end ] --START--
INFO: Run ShowPageTrace Behavior [ RunTime:0.000831s ]
INFO: [ view_end ] --END-- [ RunTime:0.000922s ]

[ 2013-12-19T16:03:13+08:00 ] ERR: (ThinkException) 无法加载模块:Jquery.min
[ 2013-12-19T16:03:33+08:00 ] ERR: (ThinkException) 无法加载模块:Public
[ 2013-12-19T16:05:03+08:00 ] ERR: (ThinkException) 无法加载模块:Public
[ 2013-12-19T16:05:05+08:00 ] ERR: (ThinkException) 无法加载模块:Public
[ 2013-12-19T16:05:06+08:00 ] ERR: (ThinkException) 无法加载模块:Public
[ 2013-12-19T16:05:07+08:00 ] ERR: (ThinkException) 无法加载模块:Public
[ 2013-12-19T16:06:28+08:00 ] ERR: (ThinkException) 无法加载模块:Public
[ 2013-12-19T16:06:30+08:00 ] ERR: (ThinkException) 无法加载模块:Public
[ 2013-12-19T16:07:18+08:00 ] ERR: (ThinkException) 无法加载模块:Public
