[ 2013-12-18T14:40:01+08:00 ] ERR: (ThinkException) 无法加载模块:Public
[ 2013-12-18T14:40:37+08:00 ] ERR: (ThinkException) 无法加载模块:Public
[ 2013-12-18T14:43:42+08:00 ] ERR: (ThinkException) 无法加载模块:Public
[ 2013-12-18T14:44:11+08:00 ] ERR: (ThinkException) 无法加载模块:Public
[ 2013-12-18T14:51:39+08:00 ] ERR: (ThinkException) 无法加载模块:Public
[ 2013-12-18T14:52:11+08:00 ] ERR: (ThinkException) 无法加载模块:Public
[ 2013-12-18T14:54:16+08:00 ] ERR: (ThinkException) 无法加载模块:Public
[ 2013-12-18T15:00:14+08:00 ] ERR: (ThinkException) 无法加载模块:Public
[ 2013-12-18T15:01:37+08:00 ] ERR: (ThinkException) 无法加载模块:Public
[ 2013-12-18T21:38:04+08:00 ] ERR: (ThinkException) 无法加载模块:Public
[ 2013-12-18T21:43:03+08:00 ] ERR: (ThinkException) 无法加载模块:Public
[ 2013-12-18T22:55:18+08:00 ] ERR: (ThinkException) 无法加载模块:Public
[ 2013-12-18T22:55:20+08:00 ] ERR: (ThinkException) 模板不存在[./App/Tpl/Admin/Products/index.html]
[ 2013-12-18T22:58:28+08:00 ] ERR: (ThinkException) 非法操作:jquery-1.9.0.min
[ 2013-12-18T22:58:28+08:00 ] ERR: (ThinkException) 非法操作:ajaxpaging.ini
[ 2013-12-18T22:58:28+08:00 ] ERR: (ThinkException) 非法操作:ajaxpaging
[ 2013-12-18T23:23:49+08:00 ] ERR: (ThinkException) 无法加载模块:Public
[ 2013-12-18T23:26:41+08:00 ] ERR: (ThinkException) 无法加载模块:Public
[ 2013-12-18T23:27:35+08:00 ] ERR: (ThinkException) 无法加载模块:Public
[ 2013-12-18T23:31:13+08:00 ] ERR: (ThinkException) 无法加载模块:Public
[ 2013-12-18T23:31:41+08:00 ] ERR: (ThinkException) 无法加载模块:Public
[ 2013-12-18T23:32:03+08:00 ] ERR: (ThinkException) 无法加载模块:Public
[ 2013-12-18T23:32:07+08:00 ] ERR: (ThinkException) 无法加载模块:Public
[ 2013-12-18T23:32:10+08:00 ] ERR: (ThinkException) 无法加载模块:Public
[ 2013-12-18T23:33:03+08:00 ] ERR: (ThinkException) 无法加载模块:Public
[ 2013-12-18T23:33:44+08:00 ] ERR: (ThinkException) 无法加载模块:Public
[ 2013-12-18T23:35:16+08:00 ] ERR: (ThinkException) 无法加载模块:Public
[ 2013-12-18T23:35:34+08:00 ] ERR: (ThinkException) 无法加载模块:Public
[ 2013-12-18T23:35:42+08:00 ] ERR: (ThinkException) 无法加载模块:Public
